mode: set
fincore/services/auth-service/infrastructure/grpc/cleanup.go:8.145,12.16 3 1
fincore/services/auth-service/infrastructure/grpc/cleanup.go:12.16,14.3 1 0
fincore/services/auth-service/infrastructure/grpc/cleanup.go:16.2,17.26 2 1
fincore/services/auth-service/infrastructure/grpc/cleanup.go:17.26,20.17 3 1
fincore/services/auth-service/infrastructure/grpc/cleanup.go:20.17,22.4 1 0
fincore/services/auth-service/infrastructure/grpc/cleanup.go:23.3,23.33 1 1
fincore/services/auth-service/infrastructure/grpc/cleanup.go:26.2,26.43 1 1
fincore/services/auth-service/infrastructure/grpc/login_limiter.go:22.98,23.22 1 1
fincore/services/auth-service/infrastructure/grpc/login_limiter.go:23.22,25.3 1 0
fincore/services/auth-service/infrastructure/grpc/login_limiter.go:26.2,26.17 1 1
fincore/services/auth-service/infrastructure/grpc/login_limiter.go:26.17,28.3 1 0
fincore/services/auth-service/infrastructure/grpc/login_limiter.go:29.2,29.17 1 1
fincore/services/auth-service/infrastructure/grpc/login_limiter.go:29.17,31.3 1 0
fincore/services/auth-service/infrastructure/grpc/login_limiter.go:32.2,32.120 1 1
fincore/services/auth-service/infrastructure/grpc/login_limiter.go:35.95,40.14 4 1
fincore/services/auth-service/infrastructure/grpc/login_limiter.go:40.14,43.3 2 1
fincore/services/auth-service/infrastructure/grpc/login_limiter.go:44.2,46.58 2 1
fincore/services/auth-service/infrastructure/grpc/login_limiter.go:46.58,48.3 1 1
fincore/services/auth-service/infrastructure/grpc/login_limiter.go:50.2,52.28 3 1
fincore/services/auth-service/infrastructure/grpc/login_limiter.go:52.28,53.22 1 1
fincore/services/auth-service/infrastructure/grpc/login_limiter.go:53.22,55.4 1 1
fincore/services/auth-service/infrastructure/grpc/login_limiter.go:57.2,59.35 2 1
fincore/services/auth-service/infrastructure/grpc/login_limiter.go:59.35,60.20 1 0
fincore/services/auth-service/infrastructure/grpc/login_limiter.go:60.20,63.4 2 0
fincore/services/auth-service/infrastructure/grpc/login_limiter.go:64.3,64.28 1 0
fincore/services/auth-service/infrastructure/grpc/login_limiter.go:67.2,67.26 1 1
fincore/services/auth-service/infrastructure/grpc/login_limiter.go:70.61,75.14 4 1
fincore/services/auth-service/infrastructure/grpc/login_limiter.go:75.14,78.3 2 1
fincore/services/auth-service/infrastructure/grpc/login_limiter.go:79.2,83.28 4 1
fincore/services/auth-service/infrastructure/grpc/login_limiter.go:83.28,84.22 1 1
fincore/services/auth-service/infrastructure/grpc/login_limiter.go:84.22,86.4 1 1
fincore/services/auth-service/infrastructure/grpc/login_limiter.go:88.2,90.52 2 1
fincore/services/auth-service/infrastructure/grpc/login_limiter.go:90.52,92.3 1 1
fincore/services/auth-service/infrastructure/grpc/login_limiter.go:95.46,99.2 3 1
fincore/services/auth-service/infrastructure/grpc/server.go:27.36,27.87 1 1
fincore/services/auth-service/infrastructure/grpc/server.go:28.36,28.87 1 1
fincore/services/auth-service/infrastructure/grpc/server.go:29.36,29.88 1 1
fincore/services/auth-service/infrastructure/grpc/server.go:30.36,30.80 1 1
fincore/services/auth-service/infrastructure/grpc/server.go:31.36,31.89 1 1
fincore/services/auth-service/infrastructure/grpc/server.go:33.52,36.2 2 1
fincore/services/auth-service/infrastructure/grpc/server.go:38.32,40.2 1 1
fincore/services/auth-service/infrastructure/grpc/server.go:42.32,43.16 1 1
fincore/services/auth-service/infrastructure/grpc/server.go:43.16,45.3 1 1
fincore/services/auth-service/infrastructure/grpc/server.go:46.2,46.50 1 1
fincore/services/auth-service/infrastructure/grpc/server.go:49.76,51.53 2 1
fincore/services/auth-service/infrastructure/grpc/server.go:51.53,53.21 2 1
fincore/services/auth-service/infrastructure/grpc/server.go:53.21,55.4 1 0
fincore/services/auth-service/infrastructure/grpc/server.go:56.3,56.20 1 1
fincore/services/auth-service/infrastructure/grpc/server.go:56.20,59.36 3 1
fincore/services/auth-service/infrastructure/grpc/server.go:59.36,61.5 1 1
fincore/services/auth-service/infrastructure/grpc/server.go:64.2,64.23 1 1
fincore/services/auth-service/infrastructure/grpc/server.go:64.23,66.3 1 0
fincore/services/auth-service/infrastructure/grpc/server.go:67.2,68.16 2 1
fincore/services/auth-service/infrastructure/grpc/server.go:68.16,69.91 1 0
fincore/services/auth-service/infrastructure/grpc/server.go:69.91,71.4 1 0
fincore/services/auth-service/infrastructure/grpc/server.go:72.3,72.27 1 0
fincore/services/auth-service/infrastructure/grpc/server.go:74.2,75.18 2 1
fincore/services/auth-service/infrastructure/grpc/server.go:75.18,77.3 1 0
fincore/services/auth-service/infrastructure/grpc/server.go:78.2,78.28 1 1
fincore/services/auth-service/infrastructure/grpc/server.go:81.93,83.9 2 1
fincore/services/auth-service/infrastructure/grpc/server.go:83.9,85.3 1 1
fincore/services/auth-service/infrastructure/grpc/server.go:86.2,87.20 2 1
fincore/services/auth-service/infrastructure/grpc/server.go:87.20,89.3 1 0
fincore/services/auth-service/infrastructure/grpc/server.go:90.2,90.20 1 1
fincore/services/auth-service/infrastructure/grpc/server.go:90.20,92.3 1 0
fincore/services/auth-service/infrastructure/grpc/server.go:93.2,95.35 3 1
fincore/services/auth-service/infrastructure/grpc/server.go:95.35,97.3 1 0
fincore/services/auth-service/infrastructure/grpc/server.go:98.2,99.16 2 1
fincore/services/auth-service/infrastructure/grpc/server.go:99.16,101.3 1 0
fincore/services/auth-service/infrastructure/grpc/server.go:102.2,103.21 2 1
fincore/services/auth-service/infrastructure/grpc/server.go:103.21,105.3 1 0
fincore/services/auth-service/infrastructure/grpc/server.go:106.2,106.33 1 1
fincore/services/auth-service/infrastructure/grpc/server.go:109.42,110.12 1 1
fincore/services/auth-service/infrastructure/grpc/server.go:110.12,112.3 1 0
fincore/services/auth-service/infrastructure/grpc/server.go:113.2,114.40 2 1
fincore/services/auth-service/infrastructure/grpc/server.go:114.40,116.3 1 0
fincore/services/auth-service/infrastructure/grpc/server.go:117.2,117.53 1 1
fincore/services/auth-service/infrastructure/grpc/server.go:120.40,123.2 2 1
fincore/services/auth-service/infrastructure/grpc/server.go:125.52,127.13 2 1
fincore/services/auth-service/infrastructure/grpc/server.go:127.13,129.3 1 0
fincore/services/auth-service/infrastructure/grpc/server.go:130.2,130.42 1 1
fincore/services/auth-service/infrastructure/grpc/server.go:130.42,132.3 1 0
fincore/services/auth-service/infrastructure/grpc/server.go:133.2,133.15 1 1
fincore/services/auth-service/infrastructure/grpc/server.go:136.41,138.17 2 1
fincore/services/auth-service/infrastructure/grpc/server.go:138.17,140.3 1 0
fincore/services/auth-service/infrastructure/grpc/server.go:141.2,144.26 4 1
fincore/services/auth-service/infrastructure/grpc/server.go:144.26,146.14 2 1
fincore/services/auth-service/infrastructure/grpc/server.go:146.14,147.12 1 0
fincore/services/auth-service/infrastructure/grpc/server.go:149.3,149.27 1 1
fincore/services/auth-service/infrastructure/grpc/server.go:149.27,150.12 1 0
fincore/services/auth-service/infrastructure/grpc/server.go:152.3,153.23 2 1
fincore/services/auth-service/infrastructure/grpc/server.go:155.2,155.12 1 1
fincore/services/auth-service/infrastructure/grpc/server.go:158.100,160.20 2 1
fincore/services/auth-service/infrastructure/grpc/server.go:160.20,162.3 1 0
fincore/services/auth-service/infrastructure/grpc/server.go:164.2,167.16 3 1
fincore/services/auth-service/infrastructure/grpc/server.go:167.16,168.36 1 1
fincore/services/auth-service/infrastructure/grpc/server.go:168.36,170.4 1 1
fincore/services/auth-service/infrastructure/grpc/server.go:171.3,171.44 1 0
fincore/services/auth-service/infrastructure/grpc/server.go:173.2,173.17 1 1
fincore/services/auth-service/infrastructure/grpc/server.go:176.138,177.77 1 1
fincore/services/auth-service/infrastructure/grpc/server.go:177.77,179.3 1 0
fincore/services/auth-service/infrastructure/grpc/server.go:180.2,181.16 2 1
fincore/services/auth-service/infrastructure/grpc/server.go:181.16,183.3 1 0
fincore/services/auth-service/infrastructure/grpc/server.go:184.2,185.16 2 1
fincore/services/auth-service/infrastructure/grpc/server.go:185.16,187.3 1 0
fincore/services/auth-service/infrastructure/grpc/server.go:188.2,188.32 1 1
fincore/services/auth-service/infrastructure/grpc/server.go:188.32,190.3 1 0
fincore/services/auth-service/infrastructure/grpc/server.go:191.2,192.37 2 1
fincore/services/auth-service/infrastructure/grpc/server.go:192.37,194.14 2 1
fincore/services/auth-service/infrastructure/grpc/server.go:194.14,195.12 1 0
fincore/services/auth-service/infrastructure/grpc/server.go:197.3,198.51 2 1
fincore/services/auth-service/infrastructure/grpc/server.go:198.51,200.4 1 0
fincore/services/auth-service/infrastructure/grpc/server.go:201.3,201.35 1 1
fincore/services/auth-service/infrastructure/grpc/server.go:203.2,203.25 1 1
fincore/services/auth-service/infrastructure/grpc/server.go:203.25,205.3 1 0
fincore/services/auth-service/infrastructure/grpc/server.go:206.2,207.38 2 1
fincore/services/auth-service/infrastructure/grpc/server.go:207.38,209.14 2 0
fincore/services/auth-service/infrastructure/grpc/server.go:209.14,210.12 1 0
fincore/services/auth-service/infrastructure/grpc/server.go:212.3,212.43 1 0
fincore/services/auth-service/infrastructure/grpc/server.go:215.2,218.26 4 1
fincore/services/auth-service/infrastructure/grpc/server.go:218.26,220.17 2 0
fincore/services/auth-service/infrastructure/grpc/server.go:220.17,222.4 1 0
fincore/services/auth-service/infrastructure/grpc/server.go:223.3,224.17 2 0
fincore/services/auth-service/infrastructure/grpc/server.go:224.17,226.4 1 0
fincore/services/auth-service/infrastructure/grpc/server.go:227.3,227.18 1 0
fincore/services/auth-service/infrastructure/grpc/server.go:230.2,231.23 2 1
fincore/services/auth-service/infrastructure/grpc/server.go:231.23,233.3 1 0
fincore/services/auth-service/infrastructure/grpc/server.go:234.2,235.16 2 1
fincore/services/auth-service/infrastructure/grpc/server.go:235.16,237.3 1 0
fincore/services/auth-service/infrastructure/grpc/server.go:239.2,242.24 2 1
fincore/services/auth-service/infrastructure/grpc/server.go:242.24,244.3 1 0
fincore/services/auth-service/infrastructure/grpc/server.go:245.2,245.17 1 1
fincore/services/auth-service/infrastructure/grpc/server.go:248.129,249.77 1 0
fincore/services/auth-service/infrastructure/grpc/server.go:249.77,251.3 1 0
fincore/services/auth-service/infrastructure/grpc/server.go:252.2,253.16 2 0
fincore/services/auth-service/infrastructure/grpc/server.go:253.16,255.3 1 0
fincore/services/auth-service/infrastructure/grpc/server.go:256.2,256.189 1 0
fincore/services/auth-service/infrastructure/grpc/server.go:259.133,260.77 1 0
fincore/services/auth-service/infrastructure/grpc/server.go:260.77,262.3 1 0
fincore/services/auth-service/infrastructure/grpc/server.go:263.2,264.16 2 0
fincore/services/auth-service/infrastructure/grpc/server.go:264.16,266.3 1 0
fincore/services/auth-service/infrastructure/grpc/server.go:267.2,270.18 3 0
fincore/services/auth-service/infrastructure/grpc/server.go:270.18,274.74 4 0
fincore/services/auth-service/infrastructure/grpc/server.go:274.74,276.4 1 0
fincore/services/auth-service/infrastructure/grpc/server.go:277.3,277.126 1 0
fincore/services/auth-service/infrastructure/grpc/server.go:279.2,279.35 1 0
fincore/services/auth-service/infrastructure/grpc/server.go:279.35,281.3 1 0
fincore/services/auth-service/infrastructure/grpc/server.go:282.2,282.60 1 0
fincore/services/auth-service/infrastructure/grpc/server.go:285.138,286.77 1 0
fincore/services/auth-service/infrastructure/grpc/server.go:286.77,288.3 1 0
fincore/services/auth-service/infrastructure/grpc/server.go:289.2,290.20 2 0
fincore/services/auth-service/infrastructure/grpc/server.go:290.20,292.3 1 0
fincore/services/auth-service/infrastructure/grpc/server.go:293.2,294.16 2 0
fincore/services/auth-service/infrastructure/grpc/server.go:294.16,296.3 1 0
fincore/services/auth-service/infrastructure/grpc/server.go:297.2,297.62 1 0
fincore/services/auth-service/infrastructure/grpc/server.go:300.156,301.77 1 0
fincore/services/auth-service/infrastructure/grpc/server.go:301.77,303.3 1 0
fincore/services/auth-service/infrastructure/grpc/server.go:304.2,305.16 2 0
fincore/services/auth-service/infrastructure/grpc/server.go:305.16,307.3 1 0
fincore/services/auth-service/infrastructure/grpc/server.go:308.2,308.32 1 0
fincore/services/auth-service/infrastructure/grpc/server.go:308.32,310.3 1 0
fincore/services/auth-service/infrastructure/grpc/server.go:311.2,312.16 2 0
fincore/services/auth-service/infrastructure/grpc/server.go:312.16,314.3 1 0
fincore/services/auth-service/infrastructure/grpc/server.go:315.2,316.16 2 0
fincore/services/auth-service/infrastructure/grpc/server.go:316.16,318.3 1 0
fincore/services/auth-service/infrastructure/grpc/server.go:319.2,320.16 2 0
fincore/services/auth-service/infrastructure/grpc/server.go:320.16,322.3 1 0
fincore/services/auth-service/infrastructure/grpc/server.go:323.2,323.75 1 0
fincore/services/auth-service/infrastructure/grpc/server.go:326.132,329.36 3 0
fincore/services/auth-service/infrastructure/grpc/server.go:329.36,331.3 1 0
fincore/services/auth-service/infrastructure/grpc/server.go:333.2,335.16 3 0
fincore/services/auth-service/infrastructure/grpc/server.go:335.16,336.36 1 0
fincore/services/auth-service/infrastructure/grpc/server.go:336.36,338.4 1 0
fincore/services/auth-service/infrastructure/grpc/server.go:339.3,339.28 1 0
fincore/services/auth-service/infrastructure/grpc/server.go:341.2,341.61 1 0
fincore/services/auth-service/infrastructure/grpc/server.go:344.138,347.36 3 0
fincore/services/auth-service/infrastructure/grpc/server.go:347.36,349.3 1 0
fincore/services/auth-service/infrastructure/grpc/server.go:351.2,357.16 2 0
fincore/services/auth-service/infrastructure/grpc/server.go:357.16,359.3 1 0
fincore/services/auth-service/infrastructure/grpc/server.go:361.2,361.62 1 0
fincore/services/auth-service/infrastructure/grpc/server.go:364.129,365.51 1 1
fincore/services/auth-service/infrastructure/grpc/server.go:365.51,367.3 1 0
fincore/services/auth-service/infrastructure/grpc/server.go:368.2,370.20 3 1
fincore/services/auth-service/infrastructure/grpc/server.go:370.20,372.3 1 0
fincore/services/auth-service/infrastructure/grpc/server.go:373.2,373.23 1 1
fincore/services/auth-service/infrastructure/grpc/server.go:373.23,375.3 1 0
fincore/services/auth-service/infrastructure/grpc/server.go:376.2,377.16 2 1
fincore/services/auth-service/infrastructure/grpc/server.go:377.16,379.3 1 0
fincore/services/auth-service/infrastructure/grpc/server.go:380.2,380.47 1 1
fincore/services/auth-service/infrastructure/grpc/server.go:380.47,382.3 1 1
fincore/services/auth-service/infrastructure/grpc/server.go:384.2,385.16 2 1
fincore/services/auth-service/infrastructure/grpc/server.go:385.16,386.73 1 0
fincore/services/auth-service/infrastructure/grpc/server.go:386.73,388.4 1 0
fincore/services/auth-service/infrastructure/grpc/server.go:389.3,389.18 1 0
fincore/services/auth-service/infrastructure/grpc/server.go:391.2,392.37 2 1
fincore/services/auth-service/infrastructure/grpc/server.go:392.37,393.23 1 1
fincore/services/auth-service/infrastructure/grpc/server.go:393.23,395.9 2 1
fincore/services/auth-service/infrastructure/grpc/server.go:398.2,398.22 1 1
fincore/services/auth-service/infrastructure/grpc/server.go:398.22,400.3 1 0
fincore/services/auth-service/infrastructure/grpc/server.go:402.2,403.33 2 1
fincore/services/auth-service/infrastructure/grpc/server.go:403.33,405.39 2 1
fincore/services/auth-service/infrastructure/grpc/server.go:405.39,407.15 2 1
fincore/services/auth-service/infrastructure/grpc/server.go:407.15,408.13 1 0
fincore/services/auth-service/infrastructure/grpc/server.go:410.4,410.27 1 1
fincore/services/auth-service/infrastructure/grpc/server.go:412.3,412.37 1 1
fincore/services/auth-service/infrastructure/grpc/server.go:412.37,413.32 1 1
fincore/services/auth-service/infrastructure/grpc/server.go:413.32,415.5 1 1
fincore/services/auth-service/infrastructure/grpc/server.go:419.2,421.21 3 1
fincore/services/auth-service/infrastructure/grpc/server.go:421.21,423.3 1 0
fincore/services/auth-service/infrastructure/grpc/server.go:424.2,424.39 1 1
fincore/services/auth-service/infrastructure/grpc/server.go:424.39,426.3 1 0
fincore/services/auth-service/infrastructure/grpc/server.go:428.2,429.16 2 1
fincore/services/auth-service/infrastructure/grpc/server.go:429.16,431.3 1 0
fincore/services/auth-service/infrastructure/grpc/server.go:433.2,434.16 2 1
fincore/services/auth-service/infrastructure/grpc/server.go:434.16,436.3 1 0
fincore/services/auth-service/infrastructure/grpc/server.go:437.2,442.16 4 1
fincore/services/auth-service/infrastructure/grpc/server.go:442.16,444.3 1 0
fincore/services/auth-service/infrastructure/grpc/server.go:446.2,448.40 3 1
fincore/services/auth-service/infrastructure/grpc/server.go:448.40,450.3 1 1
fincore/services/auth-service/infrastructure/grpc/server.go:451.2,453.124 2 1
fincore/services/auth-service/infrastructure/grpc/server.go:456.117,457.62 1 1
fincore/services/auth-service/infrastructure/grpc/server.go:457.62,459.3 1 0
fincore/services/auth-service/infrastructure/grpc/server.go:460.2,461.20 2 1
fincore/services/auth-service/infrastructure/grpc/server.go:461.20,462.49 1 1
fincore/services/auth-service/infrastructure/grpc/server.go:462.49,464.49 2 1
fincore/services/auth-service/infrastructure/grpc/server.go:464.49,466.5 1 1
fincore/services/auth-service/infrastructure/grpc/server.go:469.2,469.20 1 1
fincore/services/auth-service/infrastructure/grpc/server.go:469.20,471.3 1 0
fincore/services/auth-service/infrastructure/grpc/server.go:472.2,473.16 2 1
fincore/services/auth-service/infrastructure/grpc/server.go:473.16,475.3 1 0
fincore/services/auth-service/infrastructure/grpc/server.go:476.2,477.23 2 1
fincore/services/auth-service/infrastructure/grpc/server.go:477.23,479.3 1 0
fincore/services/auth-service/infrastructure/grpc/server.go:480.2,481.16 2 1
fincore/services/auth-service/infrastructure/grpc/server.go:481.16,483.3 1 0
fincore/services/auth-service/infrastructure/grpc/server.go:484.2,484.47 1 1
fincore/services/auth-service/infrastructure/grpc/server.go:484.47,486.3 1 0
fincore/services/auth-service/infrastructure/grpc/server.go:487.2,488.20 2 1
fincore/services/auth-service/infrastructure/grpc/server.go:488.20,490.3 1 0
fincore/services/auth-service/infrastructure/grpc/server.go:492.2,493.16 2 1
fincore/services/auth-service/infrastructure/grpc/server.go:493.16,494.73 1 1
fincore/services/auth-service/infrastructure/grpc/server.go:494.73,496.4 1 1
fincore/services/auth-service/infrastructure/grpc/server.go:497.3,497.18 1 0
fincore/services/auth-service/infrastructure/grpc/server.go:499.2,499.32 1 1
fincore/services/auth-service/infrastructure/grpc/server.go:499.32,500.28 1 1
fincore/services/auth-service/infrastructure/grpc/server.go:500.28,502.4 1 0
fincore/services/auth-service/infrastructure/grpc/server.go:503.3,504.16 2 1
fincore/services/auth-service/infrastructure/grpc/server.go:504.16,505.50 1 1
fincore/services/auth-service/infrastructure/grpc/server.go:505.50,506.69 1 1
fincore/services/auth-service/infrastructure/grpc/server.go:506.69,508.6 1 0
fincore/services/auth-service/infrastructure/grpc/server.go:509.5,509.31 1 1
fincore/services/auth-service/infrastructure/grpc/server.go:512.3,512.16 1 1
fincore/services/auth-service/infrastructure/grpc/server.go:512.16,514.4 1 1
fincore/services/auth-service/infrastructure/grpc/server.go:515.3,516.17 2 1
fincore/services/auth-service/infrastructure/grpc/server.go:516.17,518.4 1 0
fincore/services/auth-service/infrastructure/grpc/server.go:519.3,519.10 1 1
fincore/services/auth-service/infrastructure/grpc/server.go:519.10,521.4 1 0
fincore/services/auth-service/infrastructure/grpc/server.go:524.2,527.16 3 1
fincore/services/auth-service/infrastructure/grpc/server.go:527.16,529.3 1 0
fincore/services/auth-service/infrastructure/grpc/server.go:530.2,530.15 1 1
fincore/services/auth-service/infrastructure/grpc/server.go:530.15,530.39 1 1
fincore/services/auth-service/infrastructure/grpc/server.go:532.2,540.120 9 1
fincore/services/auth-service/infrastructure/grpc/server.go:540.120,541.36 1 1
fincore/services/auth-service/infrastructure/grpc/server.go:541.36,543.4 1 1
fincore/services/auth-service/infrastructure/grpc/server.go:544.3,544.28 1 0
fincore/services/auth-service/infrastructure/grpc/server.go:547.2,548.23 2 1
fincore/services/auth-service/infrastructure/grpc/server.go:548.23,550.3 1 1
fincore/services/auth-service/infrastructure/grpc/server.go:551.2,551.32 1 1
fincore/services/auth-service/infrastructure/grpc/server.go:551.32,553.3 1 0
fincore/services/auth-service/infrastructure/grpc/server.go:554.2,554.35 1 1
fincore/services/auth-service/infrastructure/grpc/server.go:554.35,556.3 1 0
fincore/services/auth-service/infrastructure/grpc/server.go:557.2,557.58 1 1
fincore/services/auth-service/infrastructure/grpc/server.go:557.58,559.3 1 0
fincore/services/auth-service/infrastructure/grpc/server.go:560.2,562.52 3 1
fincore/services/auth-service/infrastructure/grpc/server.go:562.52,564.3 1 0
fincore/services/auth-service/infrastructure/grpc/server.go:566.2,567.16 2 1
fincore/services/auth-service/infrastructure/grpc/server.go:567.16,569.3 1 0
fincore/services/auth-service/infrastructure/grpc/server.go:571.2,572.16 2 1
fincore/services/auth-service/infrastructure/grpc/server.go:572.16,574.3 1 0
fincore/services/auth-service/infrastructure/grpc/server.go:575.2,578.16 4 1
fincore/services/auth-service/infrastructure/grpc/server.go:578.16,580.3 1 0
fincore/services/auth-service/infrastructure/grpc/server.go:582.2,583.16 2 1
fincore/services/auth-service/infrastructure/grpc/server.go:583.16,585.3 1 0
fincore/services/auth-service/infrastructure/grpc/server.go:586.2,590.16 5 1
fincore/services/auth-service/infrastructure/grpc/server.go:590.16,592.3 1 0
fincore/services/auth-service/infrastructure/grpc/server.go:594.2,594.39 1 1
fincore/services/auth-service/infrastructure/grpc/server.go:594.39,596.3 1 0
fincore/services/auth-service/infrastructure/grpc/server.go:598.2,599.146 2 1
fincore/services/auth-service/infrastructure/grpc/server.go:602.51,604.13 2 1
fincore/services/auth-service/infrastructure/grpc/server.go:604.13,606.3 1 1
fincore/services/auth-service/infrastructure/grpc/server.go:607.2,607.48 1 1
fincore/services/auth-service/infrastructure/grpc/server.go:607.48,609.3 1 1
fincore/services/auth-service/infrastructure/grpc/server.go:610.2,610.15 1 1
fincore/services/auth-service/infrastructure/grpc/server.go:638.110,640.2 1 1
fincore/services/auth-service/infrastructure/grpc/server.go:642.188,644.2 1 1
fincore/services/auth-service/infrastructure/grpc/server.go:646.111,648.16 2 1
fincore/services/auth-service/infrastructure/grpc/server.go:648.16,650.3 1 1
fincore/services/auth-service/infrastructure/grpc/server.go:651.2,652.20 2 1
fincore/services/auth-service/infrastructure/grpc/server.go:652.20,654.3 1 0
fincore/services/auth-service/infrastructure/grpc/server.go:655.2,655.23 1 1
fincore/services/auth-service/infrastructure/grpc/server.go:655.23,657.3 1 1
fincore/services/auth-service/infrastructure/grpc/server.go:658.2,658.43 1 1
fincore/services/auth-service/infrastructure/grpc/server.go:658.43,660.3 1 1
fincore/services/auth-service/infrastructure/grpc/server.go:662.2,663.16 2 1
fincore/services/auth-service/infrastructure/grpc/server.go:663.16,665.3 1 0
fincore/services/auth-service/infrastructure/grpc/server.go:667.2,670.16 3 1
fincore/services/auth-service/infrastructure/grpc/server.go:670.16,672.3 1 0
fincore/services/auth-service/infrastructure/grpc/server.go:673.2,673.15 1 1
fincore/services/auth-service/infrastructure/grpc/server.go:673.15,675.3 1 1
fincore/services/auth-service/infrastructure/grpc/server.go:677.2,678.16 2 1
fincore/services/auth-service/infrastructure/grpc/server.go:678.16,680.3 1 0
fincore/services/auth-service/infrastructure/grpc/server.go:681.2,682.16 2 1
fincore/services/auth-service/infrastructure/grpc/server.go:682.16,684.3 1 0
fincore/services/auth-service/infrastructure/grpc/server.go:685.2,685.39 1 1
fincore/services/auth-service/infrastructure/grpc/server.go:685.39,687.3 1 0
fincore/services/auth-service/infrastructure/grpc/server.go:688.2,688.50 1 1
fincore/services/auth-service/infrastructure/grpc/server.go:691.102,693.16 2 1
fincore/services/auth-service/infrastructure/grpc/server.go:693.16,695.3 1 1
fincore/services/auth-service/infrastructure/grpc/server.go:696.2,697.20 2 1
fincore/services/auth-service/infrastructure/grpc/server.go:697.20,699.3 1 1
fincore/services/auth-service/infrastructure/grpc/server.go:700.2,701.22 2 1
fincore/services/auth-service/infrastructure/grpc/server.go:701.22,704.15 3 0
fincore/services/auth-service/infrastructure/grpc/server.go:704.15,706.4 1 0
fincore/services/auth-service/infrastructure/grpc/server.go:709.2,712.16 4 1
fincore/services/auth-service/infrastructure/grpc/server.go:712.16,713.36 1 0
fincore/services/auth-service/infrastructure/grpc/server.go:713.36,714.24 1 0
fincore/services/auth-service/infrastructure/grpc/server.go:714.24,717.5 2 0
fincore/services/auth-service/infrastructure/grpc/server.go:718.4,718.45 1 0
fincore/services/auth-service/infrastructure/grpc/server.go:720.3,720.28 1 0
fincore/services/auth-service/infrastructure/grpc/server.go:723.2,724.16 2 1
fincore/services/auth-service/infrastructure/grpc/server.go:724.16,726.3 1 0
fincore/services/auth-service/infrastructure/grpc/server.go:727.2,727.9 1 1
fincore/services/auth-service/infrastructure/grpc/server.go:727.9,728.23 1 0
fincore/services/auth-service/infrastructure/grpc/server.go:728.23,731.4 2 0
fincore/services/auth-service/infrastructure/grpc/server.go:732.3,732.44 1 0
fincore/services/auth-service/infrastructure/grpc/server.go:734.2,734.22 1 1
fincore/services/auth-service/infrastructure/grpc/server.go:734.22,737.3 2 0
fincore/services/auth-service/infrastructure/grpc/server.go:739.2,740.16 2 1
fincore/services/auth-service/infrastructure/grpc/server.go:740.16,742.3 1 0
fincore/services/auth-service/infrastructure/grpc/server.go:744.2,753.16 4 1
fincore/services/auth-service/infrastructure/grpc/server.go:753.16,755.3 1 0
fincore/services/auth-service/infrastructure/grpc/server.go:757.2,758.16 2 1
fincore/services/auth-service/infrastructure/grpc/server.go:758.16,760.3 1 0
fincore/services/auth-service/infrastructure/grpc/server.go:761.2,768.16 5 1
fincore/services/auth-service/infrastructure/grpc/server.go:768.16,770.3 1 0
fincore/services/auth-service/infrastructure/grpc/server.go:772.2,776.8 1 1
fincore/services/auth-service/infrastructure/grpc/server.go:779.105,787.16 2 1
fincore/services/auth-service/infrastructure/grpc/server.go:787.16,789.3 1 0
fincore/services/auth-service/infrastructure/grpc/server.go:790.2,793.18 3 1
fincore/services/auth-service/infrastructure/grpc/server.go:793.18,795.42 2 1
fincore/services/auth-service/infrastructure/grpc/server.go:795.42,797.4 1 0
fincore/services/auth-service/infrastructure/grpc/server.go:798.3,798.30 1 1
fincore/services/auth-service/infrastructure/grpc/server.go:800.2,800.35 1 1
fincore/services/auth-service/infrastructure/grpc/server.go:800.35,802.3 1 0
fincore/services/auth-service/infrastructure/grpc/server.go:804.2,812.16 2 1
fincore/services/auth-service/infrastructure/grpc/server.go:812.16,814.3 1 0
fincore/services/auth-service/infrastructure/grpc/server.go:815.2,818.22 3 1
fincore/services/auth-service/infrastructure/grpc/server.go:818.22,820.46 2 1
fincore/services/auth-service/infrastructure/grpc/server.go:820.46,822.4 1 0
fincore/services/auth-service/infrastructure/grpc/server.go:823.3,823.30 1 1
fincore/services/auth-service/infrastructure/grpc/server.go:825.2,825.39 1 1
fincore/services/auth-service/infrastructure/grpc/server.go:825.39,827.3 1 0
fincore/services/auth-service/infrastructure/grpc/server.go:829.2,829.21 1 1
fincore/services/auth-service/infrastructure/grpc/server.go:829.21,831.3 1 0
fincore/services/auth-service/infrastructure/grpc/server.go:833.2,833.26 1 1
fincore/services/auth-service/infrastructure/grpc/server.go:836.126,837.46 1 1
fincore/services/auth-service/infrastructure/grpc/server.go:837.46,839.3 1 1
fincore/services/auth-service/infrastructure/grpc/server.go:840.2,841.16 2 1
fincore/services/auth-service/infrastructure/grpc/server.go:841.16,842.91 1 1
fincore/services/auth-service/infrastructure/grpc/server.go:842.91,844.4 1 1
fincore/services/auth-service/infrastructure/grpc/server.go:845.3,845.28 1 1
fincore/services/auth-service/infrastructure/grpc/server.go:847.2,851.8 1 1
fincore/services/auth-service/infrastructure/grpc/server.go:854.114,855.77 1 1
fincore/services/auth-service/infrastructure/grpc/server.go:855.77,857.3 1 1
fincore/services/auth-service/infrastructure/grpc/server.go:858.2,860.18 3 1
fincore/services/auth-service/infrastructure/grpc/server.go:860.18,862.3 1 0
fincore/services/auth-service/infrastructure/grpc/server.go:863.2,863.20 1 1
fincore/services/auth-service/infrastructure/grpc/server.go:863.20,865.3 1 0
fincore/services/auth-service/infrastructure/grpc/server.go:867.2,869.16 3 1
fincore/services/auth-service/infrastructure/grpc/server.go:869.16,870.36 1 0
fincore/services/auth-service/infrastructure/grpc/server.go:870.36,872.4 1 0
fincore/services/auth-service/infrastructure/grpc/server.go:873.3,873.28 1 0
fincore/services/auth-service/infrastructure/grpc/server.go:876.2,877.16 2 1
fincore/services/auth-service/infrastructure/grpc/server.go:877.16,879.3 1 0
fincore/services/auth-service/infrastructure/grpc/server.go:880.2,880.54 1 1
fincore/services/auth-service/infrastructure/grpc/server.go:883.117,884.77 1 1
fincore/services/auth-service/infrastructure/grpc/server.go:884.77,886.3 1 1
fincore/services/auth-service/infrastructure/grpc/server.go:887.2,889.18 3 1
fincore/services/auth-service/infrastructure/grpc/server.go:889.18,891.3 1 0
fincore/services/auth-service/infrastructure/grpc/server.go:892.2,892.20 1 1
fincore/services/auth-service/infrastructure/grpc/server.go:892.20,894.3 1 0
fincore/services/auth-service/infrastructure/grpc/server.go:896.2,898.16 3 1
fincore/services/auth-service/infrastructure/grpc/server.go:898.16,899.36 1 0
fincore/services/auth-service/infrastructure/grpc/server.go:899.36,901.4 1 0
fincore/services/auth-service/infrastructure/grpc/server.go:902.3,902.28 1 0
fincore/services/auth-service/infrastructure/grpc/server.go:905.2,906.16 2 1
fincore/services/auth-service/infrastructure/grpc/server.go:906.16,908.3 1 0
fincore/services/auth-service/infrastructure/grpc/server.go:909.2,909.55 1 1
fincore/services/auth-service/infrastructure/grpc/server.go:912.126,913.77 1 1
fincore/services/auth-service/infrastructure/grpc/server.go:913.77,915.3 1 1
fincore/services/auth-service/infrastructure/grpc/server.go:916.2,917.18 2 1
fincore/services/auth-service/infrastructure/grpc/server.go:917.18,919.3 1 0
fincore/services/auth-service/infrastructure/grpc/server.go:921.2,928.16 2 1
fincore/services/auth-service/infrastructure/grpc/server.go:928.16,930.3 1 0
fincore/services/auth-service/infrastructure/grpc/server.go:931.2,934.18 3 1
fincore/services/auth-service/infrastructure/grpc/server.go:934.18,936.42 2 1
fincore/services/auth-service/infrastructure/grpc/server.go:936.42,938.4 1 0
fincore/services/auth-service/infrastructure/grpc/server.go:939.3,939.30 1 1
fincore/services/auth-service/infrastructure/grpc/server.go:941.2,941.35 1 1
fincore/services/auth-service/infrastructure/grpc/server.go:941.35,943.3 1 0
fincore/services/auth-service/infrastructure/grpc/server.go:945.2,945.57 1 1
fincore/services/auth-service/infrastructure/grpc/server.go:948.123,950.24 2 1
fincore/services/auth-service/infrastructure/grpc/server.go:950.24,952.3 1 1
fincore/services/auth-service/infrastructure/grpc/server.go:953.2,956.16 3 1
fincore/services/auth-service/infrastructure/grpc/server.go:956.16,958.3 1 0
fincore/services/auth-service/infrastructure/grpc/server.go:959.2,959.15 1 1
fincore/services/auth-service/infrastructure/grpc/server.go:959.15,961.3 1 1
fincore/services/auth-service/infrastructure/grpc/server.go:963.2,974.16 8 1
fincore/services/auth-service/infrastructure/grpc/server.go:974.16,975.36 1 0
fincore/services/auth-service/infrastructure/grpc/server.go:975.36,977.4 1 0
fincore/services/auth-service/infrastructure/grpc/server.go:978.3,978.28 1 0
fincore/services/auth-service/infrastructure/grpc/server.go:981.2,982.43 2 1
fincore/services/auth-service/infrastructure/grpc/server.go:982.43,986.3 3 1
fincore/services/auth-service/infrastructure/grpc/server.go:987.2,987.32 1 1
fincore/services/auth-service/infrastructure/grpc/server.go:987.32,990.3 2 0
fincore/services/auth-service/infrastructure/grpc/server.go:991.2,991.35 1 1
fincore/services/auth-service/infrastructure/grpc/server.go:991.35,994.3 2 0
fincore/services/auth-service/infrastructure/grpc/server.go:996.2,997.16 2 1
fincore/services/auth-service/infrastructure/grpc/server.go:997.16,999.3 1 0
fincore/services/auth-service/infrastructure/grpc/server.go:1000.2,1002.45 3 1
fincore/services/auth-service/infrastructure/grpc/server.go:1002.45,1004.3 1 1
fincore/services/auth-service/infrastructure/grpc/server.go:1005.2,1016.16 3 1
fincore/services/auth-service/infrastructure/grpc/server.go:1016.16,1018.3 1 0
fincore/services/auth-service/infrastructure/grpc/server.go:1019.2,1023.16 2 1
fincore/services/auth-service/infrastructure/grpc/server.go:1023.16,1025.3 1 0
fincore/services/auth-service/infrastructure/grpc/server.go:1027.2,1027.39 1 1
fincore/services/auth-service/infrastructure/grpc/server.go:1027.39,1029.3 1 0
fincore/services/auth-service/infrastructure/grpc/server.go:1031.2,1032.16 2 1
fincore/services/auth-service/infrastructure/grpc/server.go:1032.16,1034.3 1 0
fincore/services/auth-service/infrastructure/grpc/server.go:1036.2,1045.16 4 1
fincore/services/auth-service/infrastructure/grpc/server.go:1045.16,1047.3 1 0
fincore/services/auth-service/infrastructure/grpc/server.go:1049.2,1053.8 1 1
fincore/services/auth-service/infrastructure/grpc/server.go:1056.105,1058.24 2 1
fincore/services/auth-service/infrastructure/grpc/server.go:1058.24,1060.3 1 1
fincore/services/auth-service/infrastructure/grpc/server.go:1061.2,1063.16 3 1
fincore/services/auth-service/infrastructure/grpc/server.go:1063.16,1065.3 1 1
fincore/services/auth-service/infrastructure/grpc/server.go:1066.2,1066.51 1 1
fincore/services/auth-service/infrastructure/grpc/server.go:1069.114,1071.23 2 1
fincore/services/auth-service/infrastructure/grpc/server.go:1071.23,1072.54 1 1
fincore/services/auth-service/infrastructure/grpc/server.go:1072.54,1074.22 2 1
fincore/services/auth-service/infrastructure/grpc/server.go:1074.22,1076.5 1 0
fincore/services/auth-service/infrastructure/grpc/server.go:1077.4,1077.21 1 1
fincore/services/auth-service/infrastructure/grpc/server.go:1077.21,1080.41 3 1
fincore/services/auth-service/infrastructure/grpc/server.go:1080.41,1082.6 1 1
fincore/services/auth-service/infrastructure/grpc/server.go:1086.2,1086.23 1 1
fincore/services/auth-service/infrastructure/grpc/server.go:1086.23,1088.3 1 1
fincore/services/auth-service/infrastructure/grpc/server.go:1089.2,1090.16 2 1
fincore/services/auth-service/infrastructure/grpc/server.go:1090.16,1091.91 1 0
fincore/services/auth-service/infrastructure/grpc/server.go:1091.91,1093.4 1 0
fincore/services/auth-service/infrastructure/grpc/server.go:1094.3,1094.28 1 0
fincore/services/auth-service/infrastructure/grpc/server.go:1096.2,1097.18 2 1
fincore/services/auth-service/infrastructure/grpc/server.go:1097.18,1099.3 1 1
fincore/services/auth-service/infrastructure/grpc/server.go:1101.2,1102.16 2 1
fincore/services/auth-service/infrastructure/grpc/server.go:1102.16,1104.3 1 1
fincore/services/auth-service/infrastructure/grpc/server.go:1106.2,1106.91 1 1
fincore/services/auth-service/infrastructure/grpc/server.go:1109.94,1111.53 2 1
fincore/services/auth-service/infrastructure/grpc/server.go:1111.53,1113.21 2 1
fincore/services/auth-service/infrastructure/grpc/server.go:1113.21,1115.4 1 0
fincore/services/auth-service/infrastructure/grpc/server.go:1116.3,1116.20 1 1
fincore/services/auth-service/infrastructure/grpc/server.go:1116.20,1119.40 3 1
fincore/services/auth-service/infrastructure/grpc/server.go:1119.40,1121.5 1 1
fincore/services/auth-service/infrastructure/grpc/server.go:1124.2,1124.23 1 1
fincore/services/auth-service/infrastructure/grpc/server.go:1124.23,1126.3 1 1
fincore/services/auth-service/infrastructure/grpc/server.go:1127.2,1128.16 2 1
fincore/services/auth-service/infrastructure/grpc/server.go:1128.16,1129.91 1 1
fincore/services/auth-service/infrastructure/grpc/server.go:1129.91,1131.4 1 1
fincore/services/auth-service/infrastructure/grpc/server.go:1132.3,1132.23 1 0
fincore/services/auth-service/infrastructure/grpc/server.go:1134.2,1134.40 1 1
fincore/services/auth-service/infrastructure/grpc/server.go:1134.40,1135.20 1 1
fincore/services/auth-service/infrastructure/grpc/server.go:1135.20,1137.4 1 1
fincore/services/auth-service/infrastructure/grpc/server.go:1139.2,1139.31 1 1
fincore/services/auth-service/infrastructure/grpc/server.go:1142.79,1144.9 2 1
fincore/services/auth-service/infrastructure/grpc/server.go:1144.9,1146.3 1 1
fincore/services/auth-service/infrastructure/grpc/server.go:1147.2,1148.17 2 1
fincore/services/auth-service/infrastructure/grpc/server.go:1148.17,1150.3 1 1
fincore/services/auth-service/infrastructure/grpc/server.go:1151.2,1152.18 2 1
fincore/services/auth-service/infrastructure/grpc/server.go:1152.18,1154.21 2 1
fincore/services/auth-service/infrastructure/grpc/server.go:1154.21,1156.4 1 1
fincore/services/auth-service/infrastructure/grpc/server.go:1158.2,1158.22 1 1
fincore/services/auth-service/infrastructure/grpc/server.go:1161.32,1162.32 1 1
fincore/services/auth-service/infrastructure/grpc/server.go:1162.32,1164.3 1 1
fincore/services/auth-service/infrastructure/grpc/server.go:1165.2,1165.10 1 1
fincore/services/auth-service/infrastructure/grpc/server.go:1168.40,1170.40 2 1
fincore/services/auth-service/infrastructure/grpc/server.go:1170.40,1172.3 1 0
fincore/services/auth-service/infrastructure/grpc/server.go:1173.2,1173.53 1 1
fincore/pkg/security/middleware/gateway.go:9.58,10.37 1 0
fincore/pkg/security/middleware/gateway.go:10.37,11.69 1 0
fincore/pkg/security/middleware/gateway.go:11.69,12.47 1 0
fincore/pkg/security/middleware/gateway.go:12.47,14.5 1 0
fincore/pkg/security/middleware/gateway.go:15.4,15.44 1 0
fincore/pkg/security/middleware/gateway.go:18.3,18.69 1 0
fincore/pkg/security/middleware/gateway.go:18.69,19.50 1 0
fincore/pkg/security/middleware/gateway.go:19.50,21.5 1 0
fincore/pkg/security/middleware/gateway.go:22.4,22.44 1 0
fincore/pkg/security/middleware/grpc.go:20.38,22.13 2 1
fincore/pkg/security/middleware/grpc.go:22.13,24.3 1 1
fincore/pkg/security/middleware/grpc.go:25.2,25.10 1 1
fincore/pkg/security/middleware/grpc.go:28.71,30.21 2 1
fincore/pkg/security/middleware/grpc.go:30.21,32.3 1 0
fincore/pkg/security/middleware/grpc.go:34.2,35.15 2 1
fincore/pkg/security/middleware/grpc.go:35.15,37.3 1 0
fincore/pkg/security/middleware/grpc.go:39.2,40.9 2 1
fincore/pkg/security/middleware/grpc.go:40.9,42.3 1 0
fincore/pkg/security/middleware/grpc.go:43.2,44.24 2 1
fincore/pkg/security/middleware/grpc.go:44.24,46.3 1 0
fincore/pkg/security/middleware/grpc.go:47.2,47.38 1 1
fincore/pkg/security/middleware/grpc.go:47.38,49.3 1 0
fincore/pkg/security/middleware/grpc.go:50.2,51.35 2 1
fincore/pkg/security/middleware/grpc.go:54.71,55.17 1 1
fincore/pkg/security/middleware/grpc.go:55.17,57.3 1 0
fincore/pkg/security/middleware/grpc.go:58.2,58.32 1 1
fincore/pkg/security/middleware/grpc.go:58.32,59.17 1 1
fincore/pkg/security/middleware/grpc.go:59.17,60.12 1 0
fincore/pkg/security/middleware/grpc.go:62.3,63.17 2 1
fincore/pkg/security/middleware/grpc.go:63.17,65.4 1 1
fincore/pkg/security/middleware/grpc.go:67.2,67.29 1 0
fincore/pkg/security/middleware/grpc.go:70.84,72.9 2 1
fincore/pkg/security/middleware/grpc.go:72.9,74.3 1 0
fincore/pkg/security/middleware/grpc.go:76.2,77.19 2 1
fincore/pkg/security/middleware/grpc.go:77.19,79.3 1 0
fincore/pkg/security/middleware/grpc.go:81.2,82.9 2 1
fincore/pkg/security/middleware/grpc.go:82.9,84.3 1 0
fincore/pkg/security/middleware/grpc.go:85.2,86.16 2 1
fincore/pkg/security/middleware/grpc.go:86.16,88.3 1 0
fincore/pkg/security/middleware/grpc.go:89.2,89.23 1 1
fincore/pkg/security/middleware/grpc.go:89.23,91.3 1 1
fincore/pkg/security/middleware/grpc.go:93.2,96.88 3 1
fincore/pkg/security/middleware/grpc.go:99.58,100.25 1 1
fincore/pkg/security/middleware/grpc.go:100.25,102.21 2 1
fincore/pkg/security/middleware/grpc.go:102.21,104.4 1 1
fincore/pkg/security/middleware/grpc.go:106.2,106.11 1 1
fincore/pkg/security/middleware/grpc.go:109.34,111.13 2 1
fincore/pkg/security/middleware/grpc.go:111.13,113.3 1 1
fincore/pkg/security/middleware/grpc.go:114.2,116.26 3 1
fincore/pkg/security/middleware/grpc.go:116.26,118.14 2 1
fincore/pkg/security/middleware/grpc.go:118.14,119.12 1 0
fincore/pkg/security/middleware/grpc.go:121.3,121.23 1 1
fincore/pkg/security/middleware/grpc.go:123.2,123.19 1 1
fincore/pkg/security/middleware/grpc.go:123.19,125.3 1 0
fincore/pkg/security/middleware/grpc.go:126.2,126.12 1 1
fincore/pkg/security/middleware/grpc.go:129.124,130.112 1 1
fincore/pkg/security/middleware/grpc.go:130.112,133.50 3 1
fincore/pkg/security/middleware/grpc.go:133.50,134.50 1 1
fincore/pkg/security/middleware/grpc.go:134.50,137.10 3 1
fincore/pkg/security/middleware/grpc.go:140.3,140.20 1 1
fincore/pkg/security/middleware/grpc.go:140.20,142.4 1 1
fincore/pkg/security/middleware/grpc.go:144.3,145.10 2 1
fincore/pkg/security/middleware/grpc.go:145.10,147.4 1 1
fincore/pkg/security/middleware/grpc.go:149.3,150.21 2 1
fincore/pkg/security/middleware/grpc.go:150.21,152.4 1 1
fincore/pkg/security/middleware/grpc.go:154.3,155.21 2 1
fincore/pkg/security/middleware/grpc.go:155.21,157.51 1 1
fincore/pkg/security/middleware/grpc.go:157.51,159.5 1 1
fincore/pkg/security/middleware/grpc.go:159.10,161.5 1 1
fincore/pkg/security/middleware/grpc.go:162.9,165.37 3 1
fincore/pkg/security/middleware/grpc.go:165.37,167.5 1 1
fincore/pkg/security/middleware/grpc.go:168.4,169.17 2 1
fincore/pkg/security/middleware/grpc.go:169.17,171.5 1 0
fincore/pkg/security/middleware/grpc.go:173.4,174.18 2 1
fincore/pkg/security/middleware/grpc.go:174.18,175.75 1 1
fincore/pkg/security/middleware/grpc.go:175.75,177.6 1 1
fincore/pkg/security/middleware/grpc.go:178.5,178.69 1 0
fincore/pkg/security/middleware/grpc.go:180.4,180.15 1 1
fincore/pkg/security/middleware/grpc.go:183.3,183.25 1 1
fincore/pkg/security/middleware/grpc.go:183.25,185.42 2 1
fincore/pkg/security/middleware/grpc.go:185.42,186.26 1 1
fincore/pkg/security/middleware/grpc.go:186.26,188.11 2 1
fincore/pkg/security/middleware/grpc.go:191.4,191.16 1 1
fincore/pkg/security/middleware/grpc.go:191.16,193.5 1 1
fincore/pkg/security/middleware/grpc.go:196.3,196.27 1 1
fincore/pkg/security/base64url.go:7.36,9.2 1 1
fincore/pkg/security/base64url.go:11.45,13.2 1 1
fincore/pkg/security/ed25519_jwt.go:11.136,13.92 2 1
fincore/pkg/security/ed25519_jwt.go:13.92,14.45 1 1
fincore/pkg/security/ed25519_jwt.go:14.45,16.4 1 0
fincore/pkg/security/ed25519_jwt.go:17.3,19.17 3 1
fincore/pkg/security/ed25519_jwt.go:19.17,21.4 1 1
fincore/pkg/security/ed25519_jwt.go:22.3,22.18 1 1
fincore/pkg/security/ed25519_jwt.go:24.2,24.16 1 1
fincore/pkg/security/ed25519_jwt.go:24.16,25.42 1 1
fincore/pkg/security/ed25519_jwt.go:25.42,27.4 1 1
fincore/pkg/security/ed25519_jwt.go:28.3,28.30 1 1
fincore/pkg/security/ed25519_jwt.go:31.2,32.21 2 1
fincore/pkg/security/ed25519_jwt.go:32.21,34.3 1 0
fincore/pkg/security/ed25519_jwt.go:35.2,35.26 1 1
fincore/pkg/security/ed25519_jwt.go:35.26,37.3 1 0
fincore/pkg/security/ed25519_jwt.go:38.2,38.55 1 1
fincore/pkg/security/ed25519_jwt.go:38.55,40.3 1 0
fincore/pkg/security/ed25519_jwt.go:42.2,48.8 1 1
fincore/pkg/security/ed25519_keys.go:8.76,9.13 1 0
fincore/pkg/security/ed25519_keys.go:9.13,11.3 1 0
fincore/pkg/security/ed25519_keys.go:12.2,13.16 2 0
fincore/pkg/security/ed25519_keys.go:13.16,15.3 1 0
fincore/pkg/security/ed25519_keys.go:16.2,16.38 1 0
fincore/pkg/security/ed25519_keys.go:16.38,18.3 1 0
fincore/pkg/security/ed25519_keys.go:19.2,19.35 1 0
fincore/pkg/security/ed25519_keys.go:22.71,23.15 1 1
fincore/pkg/security/ed25519_keys.go:23.15,25.3 1 0
fincore/pkg/security/ed25519_keys.go:26.2,26.39 1 1
fincore/pkg/security/ed25519_keys.go:26.39,28.3 1 0
fincore/pkg/security/ed25519_keys.go:29.2,36.8 1 1
fincore/pkg/security/jwks.go:38.85,39.19 1 1
fincore/pkg/security/jwks.go:39.19,41.3 1 0
fincore/pkg/security/jwks.go:42.2,42.19 1 1
fincore/pkg/security/jwks.go:42.19,44.3 1 0
fincore/pkg/security/jwks.go:45.2,49.8 1 1
fincore/pkg/security/jwks.go:52.66,54.2 1 0
fincore/pkg/security/jwks.go:56.73,58.2 1 1
fincore/pkg/security/jwks.go:60.94,61.15 1 1
fincore/pkg/security/jwks.go:61.15,63.3 1 0
fincore/pkg/security/jwks.go:65.2,68.11 4 1
fincore/pkg/security/jwks.go:68.11,69.40 1 1
fincore/pkg/security/jwks.go:69.40,71.42 1 1
fincore/pkg/security/jwks.go:71.42,73.5 1 0
fincore/pkg/security/jwks.go:74.4,74.19 1 1
fincore/pkg/security/jwks.go:78.2,78.40 1 1
fincore/pkg/security/jwks.go:78.40,80.3 1 1
fincore/pkg/security/jwks.go:81.2,81.29 1 1
fincore/pkg/security/jwks.go:84.75,87.25 3 1
fincore/pkg/security/jwks.go:87.25,89.3 1 1
fincore/pkg/security/jwks.go:90.2,91.14 2 1
fincore/pkg/security/jwks.go:94.59,98.11 4 1
fincore/pkg/security/jwks.go:98.11,100.3 1 0
fincore/pkg/security/jwks.go:102.2,103.16 2 1
fincore/pkg/security/jwks.go:103.16,105.3 1 0
fincore/pkg/security/jwks.go:106.2,107.16 2 1
fincore/pkg/security/jwks.go:107.16,109.3 1 0
fincore/pkg/security/jwks.go:110.2,111.38 2 1
fincore/pkg/security/jwks.go:111.38,113.3 1 0
fincore/pkg/security/jwks.go:115.2,117.42 3 1
fincore/pkg/security/jwks.go:117.42,119.3 1 0
fincore/pkg/security/jwks.go:121.2,122.30 2 1
fincore/pkg/security/jwks.go:122.30,123.71 1 1
fincore/pkg/security/jwks.go:123.71,124.12 1 0
fincore/pkg/security/jwks.go:126.3,127.17 2 1
fincore/pkg/security/jwks.go:127.17,128.12 1 0
fincore/pkg/security/jwks.go:130.3,130.40 1 1
fincore/pkg/security/jwks.go:130.40,131.12 1 0
fincore/pkg/security/jwks.go:133.3,133.39 1 1
fincore/pkg/security/jwks.go:135.2,135.20 1 1
fincore/pkg/security/jwks.go:135.20,137.3 1 1
fincore/pkg/security/jwks.go:139.2,144.12 6 1
fincore/pkg/security/password_argon2id.go:22.52,23.39 1 1
fincore/pkg/security/password_argon2id.go:23.39,25.3 1 1
fincore/pkg/security/password_argon2id.go:27.2,28.43 2 1
fincore/pkg/security/password_argon2id.go:28.43,30.3 1 0
fincore/pkg/security/password_argon2id.go:32.2,38.21 5 1
fincore/pkg/security/password_argon2id.go:41.72,42.39 1 1
fincore/pkg/security/password_argon2id.go:42.39,44.3 1 1
fincore/pkg/security/password_argon2id.go:45.2,45.42 1 1
fincore/pkg/security/password_argon2id.go:45.42,47.3 1 1
fincore/pkg/security/password_argon2id.go:49.2,50.16 2 1
fincore/pkg/security/password_argon2id.go:50.16,52.3 1 0
fincore/pkg/security/password_argon2id.go:54.2,55.63 2 1
fincore/pkg/security/password_argon2id.go:55.63,57.3 1 1
fincore/pkg/security/password_argon2id.go:58.2,58.19 1 1
fincore/pkg/security/password_argon2id.go:67.80,70.21 2 1
fincore/pkg/security/password_argon2id.go:70.21,72.3 1 1
fincore/pkg/security/password_argon2id.go:73.2,73.28 1 1
fincore/pkg/security/password_argon2id.go:73.28,75.3 1 1
fincore/pkg/security/password_argon2id.go:77.2,78.66 2 1
fincore/pkg/security/password_argon2id.go:78.66,80.3 1 0
fincore/pkg/security/password_argon2id.go:81.2,81.31 1 1
fincore/pkg/security/password_argon2id.go:81.31,83.3 1 1
fincore/pkg/security/password_argon2id.go:85.2,87.92 3 1
fincore/pkg/security/password_argon2id.go:87.92,89.3 1 1
fincore/pkg/security/password_argon2id.go:91.2,92.16 2 1
fincore/pkg/security/password_argon2id.go:92.16,94.3 1 1
fincore/pkg/security/password_argon2id.go:95.2,96.16 2 1
fincore/pkg/security/password_argon2id.go:96.16,98.3 1 1
fincore/pkg/security/password_argon2id.go:99.2,99.20 1 1
fincore/pkg/security/password_argon2id.go:99.20,101.3 1 1
fincore/pkg/security/password_argon2id.go:103.2,103.86 1 1
fincore/pkg/security/refresh_token.go:9.44,13.2 3 0
fincore/pkg/security/spiffe_mtls.go:16.31,20.2 3 1
fincore/pkg/security/spiffe_mtls.go:22.37,23.76 1 1
fincore/pkg/security/spiffe_mtls.go:23.76,25.3 1 1
fincore/pkg/security/spiffe_mtls.go:26.2,26.47 1 1
fincore/pkg/security/spiffe_mtls.go:29.56,31.13 2 1
fincore/pkg/security/spiffe_mtls.go:31.13,33.3 1 1
fincore/pkg/security/spiffe_mtls.go:34.2,34.42 1 1
fincore/pkg/security/spiffe_mtls.go:37.71,39.15 2 1
fincore/pkg/security/spiffe_mtls.go:39.15,41.3 1 1
fincore/pkg/security/spiffe_mtls.go:43.2,45.26 3 1
fincore/pkg/security/spiffe_mtls.go:45.26,47.14 2 1
fincore/pkg/security/spiffe_mtls.go:47.14,48.12 1 1
fincore/pkg/security/spiffe_mtls.go:50.3,51.17 2 1
fincore/pkg/security/spiffe_mtls.go:51.17,53.4 1 1
fincore/pkg/security/spiffe_mtls.go:54.3,54.24 1 1
fincore/pkg/security/spiffe_mtls.go:56.2,56.19 1 1
fincore/pkg/security/spiffe_mtls.go:56.19,58.3 1 1
fincore/pkg/security/spiffe_mtls.go:59.2,59.23 1 1
fincore/pkg/security/spiffe_mtls.go:62.61,63.93 1 1
fincore/pkg/security/spiffe_mtls.go:63.93,65.3 1 0
fincore/pkg/security/spiffe_mtls.go:65.8,65.15 1 1
fincore/pkg/security/spiffe_mtls.go:65.15,67.3 1 1
fincore/pkg/security/spiffe_mtls.go:69.2,70.16 2 1
fincore/pkg/security/spiffe_mtls.go:70.16,72.3 1 1
fincore/pkg/security/spiffe_mtls.go:73.2,73.54 1 0
fincore/pkg/security/spiffe_mtls.go:76.61,77.93 1 1
fincore/pkg/security/spiffe_mtls.go:77.93,79.3 1 0
fincore/pkg/security/spiffe_mtls.go:79.8,79.15 1 1
fincore/pkg/security/spiffe_mtls.go:79.15,81.3 1 1
fincore/pkg/security/spiffe_mtls.go:83.2,84.16 2 1
fincore/pkg/security/spiffe_mtls.go:84.16,86.3 1 1
fincore/pkg/security/spiffe_mtls.go:87.2,87.54 1 0
fincore/pkg/security/spiffe_mtls.go:90.108,91.26 1 0
fincore/pkg/security/spiffe_mtls.go:91.26,92.22 1 0
fincore/pkg/security/spiffe_mtls.go:92.23,92.24 0 0
fincore/pkg/security/spiffe_mtls.go:95.2,96.16 2 0
fincore/pkg/security/spiffe_mtls.go:96.16,97.22 1 0
fincore/pkg/security/spiffe_mtls.go:97.23,97.24 0 0
fincore/pkg/security/spiffe_mtls.go:100.2,101.16 2 0
fincore/pkg/security/spiffe_mtls.go:101.16,103.22 2 0
fincore/pkg/security/spiffe_mtls.go:103.23,103.24 0 0
fincore/pkg/security/spiffe_mtls.go:105.2,109.23 4 0
fincore/pkg/security/spiffe_mtls.go:109.23,109.41 1 0
fincore/pkg/security/spiffe_mtls.go:112.108,113.26 1 0
fincore/pkg/security/spiffe_mtls.go:113.26,114.22 1 0
fincore/pkg/security/spiffe_mtls.go:114.23,114.24 0 0
fincore/pkg/security/spiffe_mtls.go:117.2,118.16 2 0
fincore/pkg/security/spiffe_mtls.go:118.16,119.22 1 0
fincore/pkg/security/spiffe_mtls.go:119.23,119.24 0 0
fincore/pkg/security/spiffe_mtls.go:122.2,123.16 2 0
fincore/pkg/security/spiffe_mtls.go:123.16,125.22 2 0
fincore/pkg/security/spiffe_mtls.go:125.23,125.24 0 0
fincore/pkg/security/spiffe_mtls.go:127.2,131.23 4 0
fincore/pkg/security/spiffe_mtls.go:131.23,131.41 1 0
fincore/pkg/security/token.go:41.88,42.15 1 1
fincore/pkg/security/token.go:42.15,44.3 1 0
fincore/pkg/security/token.go:45.2,45.41 1 1
fincore/pkg/security/token.go:45.41,47.3 1 0
fincore/pkg/security/token.go:48.2,48.52 1 1
fincore/pkg/security/token.go:51.81,65.2 4 1
fincore/pkg/security/token.go:67.83,69.99 2 1
fincore/pkg/security/token.go:69.99,70.23 1 1
fincore/pkg/security/token.go:70.23,72.4 1 0
fincore/pkg/security/token.go:73.3,73.18 1 1
