mode: set
fincore/pkg/security/middleware/gateway.go:9.58,10.75 1 0
fincore/pkg/security/middleware/gateway.go:10.75,11.46 1 0
fincore/pkg/security/middleware/gateway.go:11.46,13.4 1 0
fincore/pkg/security/middleware/gateway.go:14.3,14.43 1 0
fincore/pkg/security/middleware/grpc.go:20.38,22.13 2 1
fincore/pkg/security/middleware/grpc.go:22.13,24.3 1 1
fincore/pkg/security/middleware/grpc.go:25.2,25.10 1 1
fincore/pkg/security/middleware/grpc.go:28.71,30.21 2 1
fincore/pkg/security/middleware/grpc.go:30.21,32.3 1 0
fincore/pkg/security/middleware/grpc.go:34.2,35.15 2 1
fincore/pkg/security/middleware/grpc.go:35.15,37.3 1 0
fincore/pkg/security/middleware/grpc.go:39.2,40.9 2 1
fincore/pkg/security/middleware/grpc.go:40.9,42.3 1 0
fincore/pkg/security/middleware/grpc.go:43.2,44.24 2 1
fincore/pkg/security/middleware/grpc.go:44.24,46.3 1 0
fincore/pkg/security/middleware/grpc.go:47.2,47.38 1 1
fincore/pkg/security/middleware/grpc.go:47.38,49.3 1 0
fincore/pkg/security/middleware/grpc.go:50.2,51.35 2 1
fincore/pkg/security/middleware/grpc.go:54.71,55.17 1 1
fincore/pkg/security/middleware/grpc.go:55.17,57.3 1 0
fincore/pkg/security/middleware/grpc.go:58.2,58.32 1 1
fincore/pkg/security/middleware/grpc.go:58.32,59.17 1 1
fincore/pkg/security/middleware/grpc.go:59.17,60.12 1 0
fincore/pkg/security/middleware/grpc.go:62.3,63.17 2 1
fincore/pkg/security/middleware/grpc.go:63.17,65.4 1 1
fincore/pkg/security/middleware/grpc.go:67.2,67.29 1 0
fincore/pkg/security/middleware/grpc.go:70.84,72.9 2 1
fincore/pkg/security/middleware/grpc.go:72.9,74.3 1 0
fincore/pkg/security/middleware/grpc.go:76.2,77.19 2 1
fincore/pkg/security/middleware/grpc.go:77.19,79.3 1 0
fincore/pkg/security/middleware/grpc.go:81.2,82.9 2 1
fincore/pkg/security/middleware/grpc.go:82.9,84.3 1 0
fincore/pkg/security/middleware/grpc.go:85.2,86.16 2 1
fincore/pkg/security/middleware/grpc.go:86.16,88.3 1 0
fincore/pkg/security/middleware/grpc.go:89.2,89.23 1 1
fincore/pkg/security/middleware/grpc.go:89.23,91.3 1 1
fincore/pkg/security/middleware/grpc.go:93.2,96.88 3 1
fincore/pkg/security/middleware/grpc.go:99.58,100.25 1 1
fincore/pkg/security/middleware/grpc.go:100.25,102.21 2 1
fincore/pkg/security/middleware/grpc.go:102.21,104.4 1 1
fincore/pkg/security/middleware/grpc.go:106.2,106.11 1 1
fincore/pkg/security/middleware/grpc.go:109.34,111.13 2 1
fincore/pkg/security/middleware/grpc.go:111.13,113.3 1 1
fincore/pkg/security/middleware/grpc.go:114.2,116.26 3 1
fincore/pkg/security/middleware/grpc.go:116.26,118.14 2 1
fincore/pkg/security/middleware/grpc.go:118.14,119.12 1 0
fincore/pkg/security/middleware/grpc.go:121.3,121.23 1 1
fincore/pkg/security/middleware/grpc.go:123.2,123.19 1 1
fincore/pkg/security/middleware/grpc.go:123.19,125.3 1 0
fincore/pkg/security/middleware/grpc.go:126.2,126.12 1 1
fincore/pkg/security/middleware/grpc.go:129.124,130.112 1 1
fincore/pkg/security/middleware/grpc.go:130.112,133.50 3 1
fincore/pkg/security/middleware/grpc.go:133.50,134.50 1 1
fincore/pkg/security/middleware/grpc.go:134.50,137.10 3 1
fincore/pkg/security/middleware/grpc.go:140.3,140.20 1 1
fincore/pkg/security/middleware/grpc.go:140.20,142.4 1 1
fincore/pkg/security/middleware/grpc.go:144.3,145.10 2 1
fincore/pkg/security/middleware/grpc.go:145.10,147.4 1 1
fincore/pkg/security/middleware/grpc.go:149.3,150.21 2 1
fincore/pkg/security/middleware/grpc.go:150.21,152.4 1 1
fincore/pkg/security/middleware/grpc.go:154.3,155.21 2 1
fincore/pkg/security/middleware/grpc.go:155.21,157.51 1 1
fincore/pkg/security/middleware/grpc.go:157.51,159.5 1 1
fincore/pkg/security/middleware/grpc.go:159.10,161.5 1 1
fincore/pkg/security/middleware/grpc.go:162.9,165.37 3 1
fincore/pkg/security/middleware/grpc.go:165.37,167.5 1 1
fincore/pkg/security/middleware/grpc.go:168.4,169.17 2 1
fincore/pkg/security/middleware/grpc.go:169.17,171.5 1 0
fincore/pkg/security/middleware/grpc.go:173.4,174.18 2 1
fincore/pkg/security/middleware/grpc.go:174.18,175.75 1 1
fincore/pkg/security/middleware/grpc.go:175.75,177.6 1 1
fincore/pkg/security/middleware/grpc.go:178.5,178.69 1 0
fincore/pkg/security/middleware/grpc.go:180.4,180.15 1 1
fincore/pkg/security/middleware/grpc.go:183.3,183.25 1 1
fincore/pkg/security/middleware/grpc.go:183.25,185.42 2 1
fincore/pkg/security/middleware/grpc.go:185.42,186.26 1 1
fincore/pkg/security/middleware/grpc.go:186.26,188.11 2 1
fincore/pkg/security/middleware/grpc.go:191.4,191.16 1 1
fincore/pkg/security/middleware/grpc.go:191.16,193.5 1 1
fincore/pkg/security/middleware/grpc.go:196.3,196.27 1 1
fincore/pkg/security/base64url.go:7.36,9.2 1 1
fincore/pkg/security/base64url.go:11.45,13.2 1 1
fincore/pkg/security/ed25519_jwt.go:11.136,13.92 2 1
fincore/pkg/security/ed25519_jwt.go:13.92,14.45 1 1
fincore/pkg/security/ed25519_jwt.go:14.45,16.4 1 0
fincore/pkg/security/ed25519_jwt.go:17.3,19.17 3 1
fincore/pkg/security/ed25519_jwt.go:19.17,21.4 1 1
fincore/pkg/security/ed25519_jwt.go:22.3,22.18 1 1
fincore/pkg/security/ed25519_jwt.go:24.2,24.16 1 1
fincore/pkg/security/ed25519_jwt.go:24.16,25.42 1 1
fincore/pkg/security/ed25519_jwt.go:25.42,27.4 1 1
fincore/pkg/security/ed25519_jwt.go:28.3,28.30 1 1
fincore/pkg/security/ed25519_jwt.go:31.2,32.21 2 1
fincore/pkg/security/ed25519_jwt.go:32.21,34.3 1 0
fincore/pkg/security/ed25519_jwt.go:35.2,35.26 1 1
fincore/pkg/security/ed25519_jwt.go:35.26,37.3 1 0
fincore/pkg/security/ed25519_jwt.go:38.2,38.55 1 1
fincore/pkg/security/ed25519_jwt.go:38.55,40.3 1 0
fincore/pkg/security/ed25519_jwt.go:42.2,48.8 1 1
fincore/pkg/security/ed25519_keys.go:8.76,9.13 1 0
fincore/pkg/security/ed25519_keys.go:9.13,11.3 1 0
fincore/pkg/security/ed25519_keys.go:12.2,13.16 2 0
fincore/pkg/security/ed25519_keys.go:13.16,15.3 1 0
fincore/pkg/security/ed25519_keys.go:16.2,16.38 1 0
fincore/pkg/security/ed25519_keys.go:16.38,18.3 1 0
fincore/pkg/security/ed25519_keys.go:19.2,19.35 1 0
fincore/pkg/security/ed25519_keys.go:22.71,23.15 1 1
fincore/pkg/security/ed25519_keys.go:23.15,25.3 1 0
fincore/pkg/security/ed25519_keys.go:26.2,26.39 1 1
fincore/pkg/security/ed25519_keys.go:26.39,28.3 1 0
fincore/pkg/security/ed25519_keys.go:29.2,36.8 1 1
fincore/pkg/security/jwks.go:38.85,39.19 1 1
fincore/pkg/security/jwks.go:39.19,41.3 1 0
fincore/pkg/security/jwks.go:42.2,42.19 1 1
fincore/pkg/security/jwks.go:42.19,44.3 1 0
fincore/pkg/security/jwks.go:45.2,49.8 1 1
fincore/pkg/security/jwks.go:52.66,54.2 1 0
fincore/pkg/security/jwks.go:56.73,58.2 1 1
fincore/pkg/security/jwks.go:60.94,61.15 1 1
fincore/pkg/security/jwks.go:61.15,63.3 1 0
fincore/pkg/security/jwks.go:65.2,68.11 4 1
fincore/pkg/security/jwks.go:68.11,69.40 1 1
fincore/pkg/security/jwks.go:69.40,71.42 1 1
fincore/pkg/security/jwks.go:71.42,73.5 1 0
fincore/pkg/security/jwks.go:74.4,74.19 1 1
fincore/pkg/security/jwks.go:78.2,78.40 1 1
fincore/pkg/security/jwks.go:78.40,80.3 1 1
fincore/pkg/security/jwks.go:81.2,81.29 1 1
fincore/pkg/security/jwks.go:84.75,87.25 3 1
fincore/pkg/security/jwks.go:87.25,89.3 1 1
fincore/pkg/security/jwks.go:90.2,91.14 2 1
fincore/pkg/security/jwks.go:94.59,98.11 4 1
fincore/pkg/security/jwks.go:98.11,100.3 1 0
fincore/pkg/security/jwks.go:102.2,103.16 2 1
fincore/pkg/security/jwks.go:103.16,105.3 1 0
fincore/pkg/security/jwks.go:106.2,107.16 2 1
fincore/pkg/security/jwks.go:107.16,109.3 1 0
fincore/pkg/security/jwks.go:110.2,111.38 2 1
fincore/pkg/security/jwks.go:111.38,113.3 1 0
fincore/pkg/security/jwks.go:115.2,117.42 3 1
fincore/pkg/security/jwks.go:117.42,119.3 1 0
fincore/pkg/security/jwks.go:121.2,122.30 2 1
fincore/pkg/security/jwks.go:122.30,123.71 1 1
fincore/pkg/security/jwks.go:123.71,124.12 1 0
fincore/pkg/security/jwks.go:126.3,127.17 2 1
fincore/pkg/security/jwks.go:127.17,128.12 1 0
fincore/pkg/security/jwks.go:130.3,130.40 1 1
fincore/pkg/security/jwks.go:130.40,131.12 1 0
fincore/pkg/security/jwks.go:133.3,133.39 1 1
fincore/pkg/security/jwks.go:135.2,135.20 1 1
fincore/pkg/security/jwks.go:135.20,137.3 1 1
fincore/pkg/security/jwks.go:139.2,144.12 6 1
fincore/pkg/security/password_argon2id.go:22.52,23.39 1 1
fincore/pkg/security/password_argon2id.go:23.39,25.3 1 1
fincore/pkg/security/password_argon2id.go:27.2,28.43 2 1
fincore/pkg/security/password_argon2id.go:28.43,30.3 1 0
fincore/pkg/security/password_argon2id.go:32.2,38.21 5 1
fincore/pkg/security/password_argon2id.go:41.72,42.39 1 1
fincore/pkg/security/password_argon2id.go:42.39,44.3 1 1
fincore/pkg/security/password_argon2id.go:45.2,45.42 1 1
fincore/pkg/security/password_argon2id.go:45.42,47.3 1 1
fincore/pkg/security/password_argon2id.go:49.2,50.16 2 1
fincore/pkg/security/password_argon2id.go:50.16,52.3 1 0
fincore/pkg/security/password_argon2id.go:54.2,55.63 2 1
fincore/pkg/security/password_argon2id.go:55.63,57.3 1 1
fincore/pkg/security/password_argon2id.go:58.2,58.19 1 1
fincore/pkg/security/password_argon2id.go:67.80,70.21 2 1
fincore/pkg/security/password_argon2id.go:70.21,72.3 1 1
fincore/pkg/security/password_argon2id.go:73.2,73.28 1 1
fincore/pkg/security/password_argon2id.go:73.28,75.3 1 1
fincore/pkg/security/password_argon2id.go:77.2,78.66 2 1
fincore/pkg/security/password_argon2id.go:78.66,80.3 1 0
fincore/pkg/security/password_argon2id.go:81.2,81.31 1 1
fincore/pkg/security/password_argon2id.go:81.31,83.3 1 1
fincore/pkg/security/password_argon2id.go:85.2,87.92 3 1
fincore/pkg/security/password_argon2id.go:87.92,89.3 1 1
fincore/pkg/security/password_argon2id.go:91.2,92.16 2 1
fincore/pkg/security/password_argon2id.go:92.16,94.3 1 1
fincore/pkg/security/password_argon2id.go:95.2,96.16 2 1
fincore/pkg/security/password_argon2id.go:96.16,98.3 1 1
fincore/pkg/security/password_argon2id.go:99.2,99.20 1 1
fincore/pkg/security/password_argon2id.go:99.20,101.3 1 1
fincore/pkg/security/password_argon2id.go:103.2,103.86 1 1
fincore/pkg/security/refresh_token.go:9.44,13.2 3 0
fincore/pkg/security/spiffe_mtls.go:16.31,20.2 3 1
fincore/pkg/security/spiffe_mtls.go:22.37,23.76 1 1
fincore/pkg/security/spiffe_mtls.go:23.76,25.3 1 1
fincore/pkg/security/spiffe_mtls.go:26.2,26.47 1 1
fincore/pkg/security/spiffe_mtls.go:29.56,31.13 2 1
fincore/pkg/security/spiffe_mtls.go:31.13,33.3 1 1
fincore/pkg/security/spiffe_mtls.go:34.2,34.42 1 1
fincore/pkg/security/spiffe_mtls.go:37.71,39.15 2 1
fincore/pkg/security/spiffe_mtls.go:39.15,41.3 1 1
fincore/pkg/security/spiffe_mtls.go:43.2,45.26 3 1
fincore/pkg/security/spiffe_mtls.go:45.26,47.14 2 1
fincore/pkg/security/spiffe_mtls.go:47.14,48.12 1 1
fincore/pkg/security/spiffe_mtls.go:50.3,51.17 2 1
fincore/pkg/security/spiffe_mtls.go:51.17,53.4 1 1
fincore/pkg/security/spiffe_mtls.go:54.3,54.24 1 1
fincore/pkg/security/spiffe_mtls.go:56.2,56.19 1 1
fincore/pkg/security/spiffe_mtls.go:56.19,58.3 1 1
fincore/pkg/security/spiffe_mtls.go:59.2,59.23 1 1
fincore/pkg/security/spiffe_mtls.go:62.61,63.93 1 1
fincore/pkg/security/spiffe_mtls.go:63.93,65.3 1 0
fincore/pkg/security/spiffe_mtls.go:65.8,65.15 1 1
fincore/pkg/security/spiffe_mtls.go:65.15,67.3 1 1
fincore/pkg/security/spiffe_mtls.go:69.2,70.16 2 1
fincore/pkg/security/spiffe_mtls.go:70.16,72.3 1 1
fincore/pkg/security/spiffe_mtls.go:73.2,73.54 1 0
fincore/pkg/security/spiffe_mtls.go:76.61,77.93 1 1
fincore/pkg/security/spiffe_mtls.go:77.93,79.3 1 0
fincore/pkg/security/spiffe_mtls.go:79.8,79.15 1 1
fincore/pkg/security/spiffe_mtls.go:79.15,81.3 1 1
fincore/pkg/security/spiffe_mtls.go:83.2,84.16 2 1
fincore/pkg/security/spiffe_mtls.go:84.16,86.3 1 1
fincore/pkg/security/spiffe_mtls.go:87.2,87.54 1 0
fincore/pkg/security/spiffe_mtls.go:90.108,91.26 1 0
fincore/pkg/security/spiffe_mtls.go:91.26,92.22 1 0
fincore/pkg/security/spiffe_mtls.go:92.23,92.24 0 0
fincore/pkg/security/spiffe_mtls.go:95.2,96.16 2 0
fincore/pkg/security/spiffe_mtls.go:96.16,97.22 1 0
fincore/pkg/security/spiffe_mtls.go:97.23,97.24 0 0
fincore/pkg/security/spiffe_mtls.go:100.2,101.16 2 0
fincore/pkg/security/spiffe_mtls.go:101.16,103.22 2 0
fincore/pkg/security/spiffe_mtls.go:103.23,103.24 0 0
fincore/pkg/security/spiffe_mtls.go:105.2,109.23 4 0
fincore/pkg/security/spiffe_mtls.go:109.23,109.41 1 0
fincore/pkg/security/spiffe_mtls.go:112.108,113.26 1 0
fincore/pkg/security/spiffe_mtls.go:113.26,114.22 1 0
fincore/pkg/security/spiffe_mtls.go:114.23,114.24 0 0
fincore/pkg/security/spiffe_mtls.go:117.2,118.16 2 0
fincore/pkg/security/spiffe_mtls.go:118.16,119.22 1 0
fincore/pkg/security/spiffe_mtls.go:119.23,119.24 0 0
fincore/pkg/security/spiffe_mtls.go:122.2,123.16 2 0
fincore/pkg/security/spiffe_mtls.go:123.16,125.22 2 0
fincore/pkg/security/spiffe_mtls.go:125.23,125.24 0 0
fincore/pkg/security/spiffe_mtls.go:127.2,131.23 4 0
fincore/pkg/security/spiffe_mtls.go:131.23,131.41 1 0
fincore/pkg/security/token.go:41.88,42.15 1 1
fincore/pkg/security/token.go:42.15,44.3 1 0
fincore/pkg/security/token.go:45.2,45.41 1 1
fincore/pkg/security/token.go:45.41,47.3 1 0
fincore/pkg/security/token.go:48.2,48.52 1 1
fincore/pkg/security/token.go:51.81,65.2 4 1
fincore/pkg/security/token.go:67.83,69.99 2 1
fincore/pkg/security/token.go:69.99,70.23 1 1
fincore/pkg/security/token.go:70.23,72.4 1 0
fincore/pkg/security/token.go:73.3,73.18 1 1
fincore/services/auth-service/infrastructure/grpc/cleanup.go:8.145,12.16 3 1
fincore/services/auth-service/infrastructure/grpc/cleanup.go:12.16,14.3 1 0
fincore/services/auth-service/infrastructure/grpc/cleanup.go:16.2,17.26 2 1
fincore/services/auth-service/infrastructure/grpc/cleanup.go:17.26,20.17 3 1
fincore/services/auth-service/infrastructure/grpc/cleanup.go:20.17,22.4 1 0
fincore/services/auth-service/infrastructure/grpc/cleanup.go:23.3,23.33 1 1
fincore/services/auth-service/infrastructure/grpc/cleanup.go:26.2,26.43 1 1
fincore/services/auth-service/infrastructure/grpc/login_limiter.go:22.98,23.22 1 1
fincore/services/auth-service/infrastructure/grpc/login_limiter.go:23.22,25.3 1 0
fincore/services/auth-service/infrastructure/grpc/login_limiter.go:26.2,26.17 1 1
fincore/services/auth-service/infrastructure/grpc/login_limiter.go:26.17,28.3 1 0
fincore/services/auth-service/infrastructure/grpc/login_limiter.go:29.2,29.17 1 1
fincore/services/auth-service/infrastructure/grpc/login_limiter.go:29.17,31.3 1 0
fincore/services/auth-service/infrastructure/grpc/login_limiter.go:32.2,32.120 1 1
fincore/services/auth-service/infrastructure/grpc/login_limiter.go:35.95,40.14 4 1
fincore/services/auth-service/infrastructure/grpc/login_limiter.go:40.14,43.3 2 1
fincore/services/auth-service/infrastructure/grpc/login_limiter.go:44.2,46.58 2 1
fincore/services/auth-service/infrastructure/grpc/login_limiter.go:46.58,48.3 1 1
fincore/services/auth-service/infrastructure/grpc/login_limiter.go:50.2,52.28 3 1
fincore/services/auth-service/infrastructure/grpc/login_limiter.go:52.28,53.22 1 1
fincore/services/auth-service/infrastructure/grpc/login_limiter.go:53.22,55.4 1 1
fincore/services/auth-service/infrastructure/grpc/login_limiter.go:57.2,59.35 2 1
fincore/services/auth-service/infrastructure/grpc/login_limiter.go:59.35,60.20 1 0
fincore/services/auth-service/infrastructure/grpc/login_limiter.go:60.20,63.4 2 0
fincore/services/auth-service/infrastructure/grpc/login_limiter.go:64.3,64.28 1 0
fincore/services/auth-service/infrastructure/grpc/login_limiter.go:67.2,67.26 1 1
fincore/services/auth-service/infrastructure/grpc/login_limiter.go:70.61,75.14 4 1
fincore/services/auth-service/infrastructure/grpc/login_limiter.go:75.14,78.3 2 1
fincore/services/auth-service/infrastructure/grpc/login_limiter.go:79.2,83.28 4 1
fincore/services/auth-service/infrastructure/grpc/login_limiter.go:83.28,84.22 1 1
fincore/services/auth-service/infrastructure/grpc/login_limiter.go:84.22,86.4 1 1
fincore/services/auth-service/infrastructure/grpc/login_limiter.go:88.2,90.52 2 1
fincore/services/auth-service/infrastructure/grpc/login_limiter.go:90.52,92.3 1 1
fincore/services/auth-service/infrastructure/grpc/login_limiter.go:95.46,99.2 3 1
fincore/services/auth-service/infrastructure/grpc/server.go:26.36,26.87 1 1
fincore/services/auth-service/infrastructure/grpc/server.go:27.36,27.87 1 1
fincore/services/auth-service/infrastructure/grpc/server.go:28.36,28.88 1 1
fincore/services/auth-service/infrastructure/grpc/server.go:29.36,29.80 1 1
fincore/services/auth-service/infrastructure/grpc/server.go:30.36,30.89 1 1
fincore/services/auth-service/infrastructure/grpc/server.go:31.32,32.16 1 1
fincore/services/auth-service/infrastructure/grpc/server.go:32.16,34.3 1 1
fincore/services/auth-service/infrastructure/grpc/server.go:35.2,35.50 1 1
fincore/services/auth-service/infrastructure/grpc/server.go:38.76,40.53 2 1
fincore/services/auth-service/infrastructure/grpc/server.go:40.53,42.21 2 1
fincore/services/auth-service/infrastructure/grpc/server.go:42.21,44.4 1 0
fincore/services/auth-service/infrastructure/grpc/server.go:45.3,45.20 1 1
fincore/services/auth-service/infrastructure/grpc/server.go:45.20,48.36 3 1
fincore/services/auth-service/infrastructure/grpc/server.go:48.36,50.5 1 1
fincore/services/auth-service/infrastructure/grpc/server.go:53.2,53.23 1 1
fincore/services/auth-service/infrastructure/grpc/server.go:53.23,55.3 1 0
fincore/services/auth-service/infrastructure/grpc/server.go:56.2,57.16 2 1
fincore/services/auth-service/infrastructure/grpc/server.go:57.16,58.91 1 0
fincore/services/auth-service/infrastructure/grpc/server.go:58.91,60.4 1 0
fincore/services/auth-service/infrastructure/grpc/server.go:61.3,61.27 1 0
fincore/services/auth-service/infrastructure/grpc/server.go:63.2,64.18 2 1
fincore/services/auth-service/infrastructure/grpc/server.go:64.18,66.3 1 0
fincore/services/auth-service/infrastructure/grpc/server.go:67.2,67.28 1 1
fincore/services/auth-service/infrastructure/grpc/server.go:70.93,72.9 2 1
fincore/services/auth-service/infrastructure/grpc/server.go:72.9,74.3 1 1
fincore/services/auth-service/infrastructure/grpc/server.go:75.2,76.20 2 1
fincore/services/auth-service/infrastructure/grpc/server.go:76.20,78.3 1 0
fincore/services/auth-service/infrastructure/grpc/server.go:79.2,79.20 1 1
fincore/services/auth-service/infrastructure/grpc/server.go:79.20,81.3 1 0
fincore/services/auth-service/infrastructure/grpc/server.go:82.2,84.35 3 1
fincore/services/auth-service/infrastructure/grpc/server.go:84.35,86.3 1 0
fincore/services/auth-service/infrastructure/grpc/server.go:87.2,88.16 2 1
fincore/services/auth-service/infrastructure/grpc/server.go:88.16,90.3 1 0
fincore/services/auth-service/infrastructure/grpc/server.go:91.2,92.21 2 1
fincore/services/auth-service/infrastructure/grpc/server.go:92.21,94.3 1 0
fincore/services/auth-service/infrastructure/grpc/server.go:95.2,95.33 1 1
fincore/services/auth-service/infrastructure/grpc/server.go:98.42,99.12 1 1
fincore/services/auth-service/infrastructure/grpc/server.go:99.12,101.3 1 0
fincore/services/auth-service/infrastructure/grpc/server.go:102.2,103.40 2 1
fincore/services/auth-service/infrastructure/grpc/server.go:103.40,105.3 1 0
fincore/services/auth-service/infrastructure/grpc/server.go:106.2,106.53 1 1
fincore/services/auth-service/infrastructure/grpc/server.go:109.40,112.2 2 1
fincore/services/auth-service/infrastructure/grpc/server.go:114.52,116.13 2 1
fincore/services/auth-service/infrastructure/grpc/server.go:116.13,118.3 1 0
fincore/services/auth-service/infrastructure/grpc/server.go:119.2,119.42 1 1
fincore/services/auth-service/infrastructure/grpc/server.go:119.42,121.3 1 0
fincore/services/auth-service/infrastructure/grpc/server.go:122.2,122.15 1 1
fincore/services/auth-service/infrastructure/grpc/server.go:125.41,127.17 2 1
fincore/services/auth-service/infrastructure/grpc/server.go:127.17,129.3 1 0
fincore/services/auth-service/infrastructure/grpc/server.go:130.2,133.26 4 1
fincore/services/auth-service/infrastructure/grpc/server.go:133.26,135.14 2 1
fincore/services/auth-service/infrastructure/grpc/server.go:135.14,136.12 1 0
fincore/services/auth-service/infrastructure/grpc/server.go:138.3,138.27 1 1
fincore/services/auth-service/infrastructure/grpc/server.go:138.27,139.12 1 0
fincore/services/auth-service/infrastructure/grpc/server.go:141.3,142.23 2 1
fincore/services/auth-service/infrastructure/grpc/server.go:144.2,144.12 1 1
fincore/services/auth-service/infrastructure/grpc/server.go:147.100,149.20 2 1
fincore/services/auth-service/infrastructure/grpc/server.go:149.20,151.3 1 0
fincore/services/auth-service/infrastructure/grpc/server.go:153.2,156.16 3 1
fincore/services/auth-service/infrastructure/grpc/server.go:156.16,157.36 1 0
fincore/services/auth-service/infrastructure/grpc/server.go:157.36,159.4 1 0
fincore/services/auth-service/infrastructure/grpc/server.go:160.3,160.44 1 0
fincore/services/auth-service/infrastructure/grpc/server.go:162.2,162.17 1 1
fincore/services/auth-service/infrastructure/grpc/server.go:165.138,166.77 1 1
fincore/services/auth-service/infrastructure/grpc/server.go:166.77,168.3 1 0
fincore/services/auth-service/infrastructure/grpc/server.go:169.2,170.16 2 1
fincore/services/auth-service/infrastructure/grpc/server.go:170.16,172.3 1 0
fincore/services/auth-service/infrastructure/grpc/server.go:173.2,174.16 2 1
fincore/services/auth-service/infrastructure/grpc/server.go:174.16,176.3 1 0
fincore/services/auth-service/infrastructure/grpc/server.go:177.2,177.32 1 1
fincore/services/auth-service/infrastructure/grpc/server.go:177.32,179.3 1 0
fincore/services/auth-service/infrastructure/grpc/server.go:180.2,181.37 2 1
fincore/services/auth-service/infrastructure/grpc/server.go:181.37,183.14 2 1
fincore/services/auth-service/infrastructure/grpc/server.go:183.14,184.12 1 0
fincore/services/auth-service/infrastructure/grpc/server.go:186.3,187.51 2 1
fincore/services/auth-service/infrastructure/grpc/server.go:187.51,189.4 1 0
fincore/services/auth-service/infrastructure/grpc/server.go:190.3,190.35 1 1
fincore/services/auth-service/infrastructure/grpc/server.go:192.2,192.25 1 1
fincore/services/auth-service/infrastructure/grpc/server.go:192.25,194.3 1 0
fincore/services/auth-service/infrastructure/grpc/server.go:195.2,196.38 2 1
fincore/services/auth-service/infrastructure/grpc/server.go:196.38,198.14 2 0
fincore/services/auth-service/infrastructure/grpc/server.go:198.14,199.12 1 0
fincore/services/auth-service/infrastructure/grpc/server.go:201.3,201.43 1 0
fincore/services/auth-service/infrastructure/grpc/server.go:204.2,207.26 4 1
fincore/services/auth-service/infrastructure/grpc/server.go:207.26,209.17 2 0
fincore/services/auth-service/infrastructure/grpc/server.go:209.17,211.4 1 0
fincore/services/auth-service/infrastructure/grpc/server.go:212.3,213.17 2 0
fincore/services/auth-service/infrastructure/grpc/server.go:213.17,215.4 1 0
fincore/services/auth-service/infrastructure/grpc/server.go:216.3,216.18 1 0
fincore/services/auth-service/infrastructure/grpc/server.go:219.2,220.23 2 1
fincore/services/auth-service/infrastructure/grpc/server.go:220.23,222.3 1 0
fincore/services/auth-service/infrastructure/grpc/server.go:223.2,224.16 2 1
fincore/services/auth-service/infrastructure/grpc/server.go:224.16,226.3 1 0
fincore/services/auth-service/infrastructure/grpc/server.go:228.2,231.24 2 1
fincore/services/auth-service/infrastructure/grpc/server.go:231.24,233.3 1 0
fincore/services/auth-service/infrastructure/grpc/server.go:234.2,234.17 1 1
fincore/services/auth-service/infrastructure/grpc/server.go:237.129,238.77 1 0
fincore/services/auth-service/infrastructure/grpc/server.go:238.77,240.3 1 0
fincore/services/auth-service/infrastructure/grpc/server.go:241.2,242.16 2 0
fincore/services/auth-service/infrastructure/grpc/server.go:242.16,244.3 1 0
fincore/services/auth-service/infrastructure/grpc/server.go:245.2,245.189 1 0
fincore/services/auth-service/infrastructure/grpc/server.go:248.133,249.77 1 0
fincore/services/auth-service/infrastructure/grpc/server.go:249.77,251.3 1 0
fincore/services/auth-service/infrastructure/grpc/server.go:252.2,253.16 2 0
fincore/services/auth-service/infrastructure/grpc/server.go:253.16,255.3 1 0
fincore/services/auth-service/infrastructure/grpc/server.go:256.2,259.18 3 0
fincore/services/auth-service/infrastructure/grpc/server.go:259.18,263.74 4 0
fincore/services/auth-service/infrastructure/grpc/server.go:263.74,265.4 1 0
fincore/services/auth-service/infrastructure/grpc/server.go:266.3,266.126 1 0
fincore/services/auth-service/infrastructure/grpc/server.go:268.2,268.35 1 0
fincore/services/auth-service/infrastructure/grpc/server.go:268.35,270.3 1 0
fincore/services/auth-service/infrastructure/grpc/server.go:271.2,271.60 1 0
fincore/services/auth-service/infrastructure/grpc/server.go:274.138,275.77 1 0
fincore/services/auth-service/infrastructure/grpc/server.go:275.77,277.3 1 0
fincore/services/auth-service/infrastructure/grpc/server.go:278.2,279.20 2 0
fincore/services/auth-service/infrastructure/grpc/server.go:279.20,281.3 1 0
fincore/services/auth-service/infrastructure/grpc/server.go:282.2,283.16 2 0
fincore/services/auth-service/infrastructure/grpc/server.go:283.16,285.3 1 0
fincore/services/auth-service/infrastructure/grpc/server.go:286.2,286.62 1 0
fincore/services/auth-service/infrastructure/grpc/server.go:289.156,290.77 1 0
fincore/services/auth-service/infrastructure/grpc/server.go:290.77,292.3 1 0
fincore/services/auth-service/infrastructure/grpc/server.go:293.2,294.16 2 0
fincore/services/auth-service/infrastructure/grpc/server.go:294.16,296.3 1 0
fincore/services/auth-service/infrastructure/grpc/server.go:297.2,297.32 1 0
fincore/services/auth-service/infrastructure/grpc/server.go:297.32,299.3 1 0
fincore/services/auth-service/infrastructure/grpc/server.go:300.2,301.16 2 0
fincore/services/auth-service/infrastructure/grpc/server.go:301.16,303.3 1 0
fincore/services/auth-service/infrastructure/grpc/server.go:304.2,305.16 2 0
fincore/services/auth-service/infrastructure/grpc/server.go:305.16,307.3 1 0
fincore/services/auth-service/infrastructure/grpc/server.go:308.2,309.16 2 0
fincore/services/auth-service/infrastructure/grpc/server.go:309.16,311.3 1 0
fincore/services/auth-service/infrastructure/grpc/server.go:312.2,312.75 1 0
fincore/services/auth-service/infrastructure/grpc/server.go:315.129,316.51 1 1
fincore/services/auth-service/infrastructure/grpc/server.go:316.51,318.3 1 0
fincore/services/auth-service/infrastructure/grpc/server.go:319.2,321.20 3 1
fincore/services/auth-service/infrastructure/grpc/server.go:321.20,323.3 1 0
fincore/services/auth-service/infrastructure/grpc/server.go:324.2,324.23 1 1
fincore/services/auth-service/infrastructure/grpc/server.go:324.23,326.3 1 0
fincore/services/auth-service/infrastructure/grpc/server.go:327.2,328.16 2 1
fincore/services/auth-service/infrastructure/grpc/server.go:328.16,330.3 1 0
fincore/services/auth-service/infrastructure/grpc/server.go:331.2,331.47 1 1
fincore/services/auth-service/infrastructure/grpc/server.go:331.47,333.3 1 1
fincore/services/auth-service/infrastructure/grpc/server.go:335.2,336.16 2 1
fincore/services/auth-service/infrastructure/grpc/server.go:336.16,338.3 1 0
fincore/services/auth-service/infrastructure/grpc/server.go:339.2,340.37 2 1
fincore/services/auth-service/infrastructure/grpc/server.go:340.37,341.23 1 1
fincore/services/auth-service/infrastructure/grpc/server.go:341.23,343.9 2 1
fincore/services/auth-service/infrastructure/grpc/server.go:346.2,346.22 1 1
fincore/services/auth-service/infrastructure/grpc/server.go:346.22,348.3 1 0
fincore/services/auth-service/infrastructure/grpc/server.go:350.2,351.33 2 1
fincore/services/auth-service/infrastructure/grpc/server.go:351.33,353.39 2 1
fincore/services/auth-service/infrastructure/grpc/server.go:353.39,355.15 2 1
fincore/services/auth-service/infrastructure/grpc/server.go:355.15,356.13 1 0
fincore/services/auth-service/infrastructure/grpc/server.go:358.4,358.27 1 1
fincore/services/auth-service/infrastructure/grpc/server.go:360.3,360.37 1 1
fincore/services/auth-service/infrastructure/grpc/server.go:360.37,361.32 1 1
fincore/services/auth-service/infrastructure/grpc/server.go:361.32,363.5 1 1
fincore/services/auth-service/infrastructure/grpc/server.go:367.2,369.21 3 1
fincore/services/auth-service/infrastructure/grpc/server.go:369.21,371.3 1 0
fincore/services/auth-service/infrastructure/grpc/server.go:372.2,372.39 1 1
fincore/services/auth-service/infrastructure/grpc/server.go:372.39,374.3 1 0
fincore/services/auth-service/infrastructure/grpc/server.go:376.2,377.16 2 1
fincore/services/auth-service/infrastructure/grpc/server.go:377.16,379.3 1 0
fincore/services/auth-service/infrastructure/grpc/server.go:381.2,382.16 2 1
fincore/services/auth-service/infrastructure/grpc/server.go:382.16,384.3 1 0
fincore/services/auth-service/infrastructure/grpc/server.go:385.2,390.16 4 1
fincore/services/auth-service/infrastructure/grpc/server.go:390.16,392.3 1 0
fincore/services/auth-service/infrastructure/grpc/server.go:394.2,396.40 3 1
fincore/services/auth-service/infrastructure/grpc/server.go:396.40,398.3 1 1
fincore/services/auth-service/infrastructure/grpc/server.go:399.2,401.124 2 1
fincore/services/auth-service/infrastructure/grpc/server.go:404.117,405.62 1 1
fincore/services/auth-service/infrastructure/grpc/server.go:405.62,407.3 1 0
fincore/services/auth-service/infrastructure/grpc/server.go:408.2,409.20 2 1
fincore/services/auth-service/infrastructure/grpc/server.go:409.20,410.49 1 0
fincore/services/auth-service/infrastructure/grpc/server.go:410.49,412.49 2 0
fincore/services/auth-service/infrastructure/grpc/server.go:412.49,414.5 1 0
fincore/services/auth-service/infrastructure/grpc/server.go:417.2,417.20 1 1
fincore/services/auth-service/infrastructure/grpc/server.go:417.20,419.3 1 0
fincore/services/auth-service/infrastructure/grpc/server.go:420.2,421.16 2 1
fincore/services/auth-service/infrastructure/grpc/server.go:421.16,423.3 1 0
fincore/services/auth-service/infrastructure/grpc/server.go:424.2,425.23 2 1
fincore/services/auth-service/infrastructure/grpc/server.go:425.23,427.3 1 0
fincore/services/auth-service/infrastructure/grpc/server.go:428.2,429.16 2 1
fincore/services/auth-service/infrastructure/grpc/server.go:429.16,431.3 1 0
fincore/services/auth-service/infrastructure/grpc/server.go:432.2,432.47 1 1
fincore/services/auth-service/infrastructure/grpc/server.go:432.47,434.3 1 0
fincore/services/auth-service/infrastructure/grpc/server.go:435.2,436.20 2 1
fincore/services/auth-service/infrastructure/grpc/server.go:436.20,438.3 1 0
fincore/services/auth-service/infrastructure/grpc/server.go:440.2,441.16 2 1
fincore/services/auth-service/infrastructure/grpc/server.go:441.16,443.3 1 0
fincore/services/auth-service/infrastructure/grpc/server.go:444.2,444.32 1 1
fincore/services/auth-service/infrastructure/grpc/server.go:444.32,445.28 1 1
fincore/services/auth-service/infrastructure/grpc/server.go:445.28,447.4 1 0
fincore/services/auth-service/infrastructure/grpc/server.go:448.3,449.16 2 1
fincore/services/auth-service/infrastructure/grpc/server.go:449.16,450.50 1 1
fincore/services/auth-service/infrastructure/grpc/server.go:450.50,451.69 1 1
fincore/services/auth-service/infrastructure/grpc/server.go:451.69,453.6 1 0
fincore/services/auth-service/infrastructure/grpc/server.go:454.5,454.31 1 1
fincore/services/auth-service/infrastructure/grpc/server.go:457.3,457.16 1 1
fincore/services/auth-service/infrastructure/grpc/server.go:457.16,459.4 1 1
fincore/services/auth-service/infrastructure/grpc/server.go:460.3,461.17 2 1
fincore/services/auth-service/infrastructure/grpc/server.go:461.17,463.4 1 0
fincore/services/auth-service/infrastructure/grpc/server.go:464.3,464.10 1 1
fincore/services/auth-service/infrastructure/grpc/server.go:464.10,466.4 1 0
fincore/services/auth-service/infrastructure/grpc/server.go:469.2,472.16 3 1
fincore/services/auth-service/infrastructure/grpc/server.go:472.16,474.3 1 0
fincore/services/auth-service/infrastructure/grpc/server.go:475.2,475.15 1 1
fincore/services/auth-service/infrastructure/grpc/server.go:475.15,475.39 1 1
fincore/services/auth-service/infrastructure/grpc/server.go:477.2,485.120 9 1
fincore/services/auth-service/infrastructure/grpc/server.go:485.120,486.36 1 0
fincore/services/auth-service/infrastructure/grpc/server.go:486.36,488.4 1 0
fincore/services/auth-service/infrastructure/grpc/server.go:489.3,489.28 1 0
fincore/services/auth-service/infrastructure/grpc/server.go:492.2,493.23 2 1
fincore/services/auth-service/infrastructure/grpc/server.go:493.23,495.3 1 1
fincore/services/auth-service/infrastructure/grpc/server.go:496.2,496.32 1 1
fincore/services/auth-service/infrastructure/grpc/server.go:496.32,498.3 1 0
fincore/services/auth-service/infrastructure/grpc/server.go:499.2,499.35 1 1
fincore/services/auth-service/infrastructure/grpc/server.go:499.35,501.3 1 0
fincore/services/auth-service/infrastructure/grpc/server.go:502.2,502.58 1 1
fincore/services/auth-service/infrastructure/grpc/server.go:502.58,504.3 1 0
fincore/services/auth-service/infrastructure/grpc/server.go:505.2,507.52 3 1
fincore/services/auth-service/infrastructure/grpc/server.go:507.52,509.3 1 0
fincore/services/auth-service/infrastructure/grpc/server.go:511.2,512.16 2 1
fincore/services/auth-service/infrastructure/grpc/server.go:512.16,514.3 1 0
fincore/services/auth-service/infrastructure/grpc/server.go:516.2,517.16 2 1
fincore/services/auth-service/infrastructure/grpc/server.go:517.16,519.3 1 0
fincore/services/auth-service/infrastructure/grpc/server.go:520.2,523.16 4 1
fincore/services/auth-service/infrastructure/grpc/server.go:523.16,525.3 1 0
fincore/services/auth-service/infrastructure/grpc/server.go:527.2,528.16 2 1
fincore/services/auth-service/infrastructure/grpc/server.go:528.16,530.3 1 0
fincore/services/auth-service/infrastructure/grpc/server.go:531.2,535.16 5 1
fincore/services/auth-service/infrastructure/grpc/server.go:535.16,537.3 1 0
fincore/services/auth-service/infrastructure/grpc/server.go:539.2,539.39 1 1
fincore/services/auth-service/infrastructure/grpc/server.go:539.39,541.3 1 0
fincore/services/auth-service/infrastructure/grpc/server.go:543.2,544.146 2 1
fincore/services/auth-service/infrastructure/grpc/server.go:547.51,549.13 2 1
fincore/services/auth-service/infrastructure/grpc/server.go:549.13,551.3 1 1
fincore/services/auth-service/infrastructure/grpc/server.go:552.2,552.48 1 1
fincore/services/auth-service/infrastructure/grpc/server.go:552.48,554.3 1 1
fincore/services/auth-service/infrastructure/grpc/server.go:555.2,555.15 1 1
fincore/services/auth-service/infrastructure/grpc/server.go:583.110,585.2 1 1
fincore/services/auth-service/infrastructure/grpc/server.go:587.188,589.2 1 1
fincore/services/auth-service/infrastructure/grpc/server.go:591.111,593.16 2 1
fincore/services/auth-service/infrastructure/grpc/server.go:593.16,595.3 1 1
fincore/services/auth-service/infrastructure/grpc/server.go:596.2,597.20 2 1
fincore/services/auth-service/infrastructure/grpc/server.go:597.20,599.3 1 0
fincore/services/auth-service/infrastructure/grpc/server.go:600.2,600.23 1 1
fincore/services/auth-service/infrastructure/grpc/server.go:600.23,602.3 1 1
fincore/services/auth-service/infrastructure/grpc/server.go:603.2,603.43 1 1
fincore/services/auth-service/infrastructure/grpc/server.go:603.43,605.3 1 1
fincore/services/auth-service/infrastructure/grpc/server.go:607.2,608.16 2 1
fincore/services/auth-service/infrastructure/grpc/server.go:608.16,610.3 1 0
fincore/services/auth-service/infrastructure/grpc/server.go:612.2,615.16 3 1
fincore/services/auth-service/infrastructure/grpc/server.go:615.16,617.3 1 0
fincore/services/auth-service/infrastructure/grpc/server.go:618.2,618.15 1 1
fincore/services/auth-service/infrastructure/grpc/server.go:618.15,620.3 1 1
fincore/services/auth-service/infrastructure/grpc/server.go:622.2,623.16 2 1
fincore/services/auth-service/infrastructure/grpc/server.go:623.16,625.3 1 0
fincore/services/auth-service/infrastructure/grpc/server.go:626.2,627.16 2 1
fincore/services/auth-service/infrastructure/grpc/server.go:627.16,629.3 1 0
fincore/services/auth-service/infrastructure/grpc/server.go:630.2,630.39 1 1
fincore/services/auth-service/infrastructure/grpc/server.go:630.39,632.3 1 0
fincore/services/auth-service/infrastructure/grpc/server.go:633.2,633.50 1 1
fincore/services/auth-service/infrastructure/grpc/server.go:636.102,638.16 2 1
fincore/services/auth-service/infrastructure/grpc/server.go:638.16,640.3 1 1
fincore/services/auth-service/infrastructure/grpc/server.go:641.2,642.20 2 1
fincore/services/auth-service/infrastructure/grpc/server.go:642.20,644.3 1 1
fincore/services/auth-service/infrastructure/grpc/server.go:645.2,646.22 2 1
fincore/services/auth-service/infrastructure/grpc/server.go:646.22,649.15 3 0
fincore/services/auth-service/infrastructure/grpc/server.go:649.15,651.4 1 0
fincore/services/auth-service/infrastructure/grpc/server.go:654.2,657.16 4 1
fincore/services/auth-service/infrastructure/grpc/server.go:657.16,658.36 1 0
fincore/services/auth-service/infrastructure/grpc/server.go:658.36,659.24 1 0
fincore/services/auth-service/infrastructure/grpc/server.go:659.24,662.5 2 0
fincore/services/auth-service/infrastructure/grpc/server.go:663.4,663.45 1 0
fincore/services/auth-service/infrastructure/grpc/server.go:665.3,665.28 1 0
fincore/services/auth-service/infrastructure/grpc/server.go:668.2,669.16 2 1
fincore/services/auth-service/infrastructure/grpc/server.go:669.16,671.3 1 0
fincore/services/auth-service/infrastructure/grpc/server.go:672.2,672.9 1 1
fincore/services/auth-service/infrastructure/grpc/server.go:672.9,673.23 1 0
fincore/services/auth-service/infrastructure/grpc/server.go:673.23,676.4 2 0
fincore/services/auth-service/infrastructure/grpc/server.go:677.3,677.44 1 0
fincore/services/auth-service/infrastructure/grpc/server.go:679.2,679.22 1 1
fincore/services/auth-service/infrastructure/grpc/server.go:679.22,682.3 2 0
fincore/services/auth-service/infrastructure/grpc/server.go:684.2,685.16 2 1
fincore/services/auth-service/infrastructure/grpc/server.go:685.16,687.3 1 0
fincore/services/auth-service/infrastructure/grpc/server.go:689.2,698.16 4 1
fincore/services/auth-service/infrastructure/grpc/server.go:698.16,700.3 1 0
fincore/services/auth-service/infrastructure/grpc/server.go:702.2,703.16 2 1
fincore/services/auth-service/infrastructure/grpc/server.go:703.16,705.3 1 0
fincore/services/auth-service/infrastructure/grpc/server.go:706.2,713.16 5 1
fincore/services/auth-service/infrastructure/grpc/server.go:713.16,715.3 1 0
fincore/services/auth-service/infrastructure/grpc/server.go:717.2,721.8 1 1
fincore/services/auth-service/infrastructure/grpc/server.go:724.105,732.16 2 1
fincore/services/auth-service/infrastructure/grpc/server.go:732.16,734.3 1 0
fincore/services/auth-service/infrastructure/grpc/server.go:735.2,738.18 3 1
fincore/services/auth-service/infrastructure/grpc/server.go:738.18,740.42 2 1
fincore/services/auth-service/infrastructure/grpc/server.go:740.42,742.4 1 0
fincore/services/auth-service/infrastructure/grpc/server.go:743.3,743.30 1 1
fincore/services/auth-service/infrastructure/grpc/server.go:745.2,745.35 1 1
fincore/services/auth-service/infrastructure/grpc/server.go:745.35,747.3 1 0
fincore/services/auth-service/infrastructure/grpc/server.go:749.2,757.16 2 1
fincore/services/auth-service/infrastructure/grpc/server.go:757.16,759.3 1 0
fincore/services/auth-service/infrastructure/grpc/server.go:760.2,763.22 3 1
fincore/services/auth-service/infrastructure/grpc/server.go:763.22,765.46 2 1
fincore/services/auth-service/infrastructure/grpc/server.go:765.46,767.4 1 0
fincore/services/auth-service/infrastructure/grpc/server.go:768.3,768.30 1 1
fincore/services/auth-service/infrastructure/grpc/server.go:770.2,770.39 1 1
fincore/services/auth-service/infrastructure/grpc/server.go:770.39,772.3 1 0
fincore/services/auth-service/infrastructure/grpc/server.go:774.2,774.21 1 1
fincore/services/auth-service/infrastructure/grpc/server.go:774.21,776.3 1 0
fincore/services/auth-service/infrastructure/grpc/server.go:778.2,778.26 1 1
fincore/services/auth-service/infrastructure/grpc/server.go:781.126,782.46 1 1
fincore/services/auth-service/infrastructure/grpc/server.go:782.46,784.3 1 1
fincore/services/auth-service/infrastructure/grpc/server.go:785.2,786.16 2 1
fincore/services/auth-service/infrastructure/grpc/server.go:786.16,787.91 1 1
fincore/services/auth-service/infrastructure/grpc/server.go:787.91,789.4 1 1
fincore/services/auth-service/infrastructure/grpc/server.go:790.3,790.28 1 1
fincore/services/auth-service/infrastructure/grpc/server.go:792.2,796.8 1 1
fincore/services/auth-service/infrastructure/grpc/server.go:799.114,800.77 1 1
fincore/services/auth-service/infrastructure/grpc/server.go:800.77,802.3 1 1
fincore/services/auth-service/infrastructure/grpc/server.go:803.2,805.18 3 1
fincore/services/auth-service/infrastructure/grpc/server.go:805.18,807.3 1 0
fincore/services/auth-service/infrastructure/grpc/server.go:808.2,808.20 1 1
fincore/services/auth-service/infrastructure/grpc/server.go:808.20,810.3 1 0
fincore/services/auth-service/infrastructure/grpc/server.go:812.2,814.16 3 1
fincore/services/auth-service/infrastructure/grpc/server.go:814.16,815.36 1 0
fincore/services/auth-service/infrastructure/grpc/server.go:815.36,817.4 1 0
fincore/services/auth-service/infrastructure/grpc/server.go:818.3,818.28 1 0
fincore/services/auth-service/infrastructure/grpc/server.go:821.2,822.16 2 1
fincore/services/auth-service/infrastructure/grpc/server.go:822.16,824.3 1 0
fincore/services/auth-service/infrastructure/grpc/server.go:825.2,825.54 1 1
fincore/services/auth-service/infrastructure/grpc/server.go:828.117,829.77 1 1
fincore/services/auth-service/infrastructure/grpc/server.go:829.77,831.3 1 1
fincore/services/auth-service/infrastructure/grpc/server.go:832.2,834.18 3 1
fincore/services/auth-service/infrastructure/grpc/server.go:834.18,836.3 1 0
fincore/services/auth-service/infrastructure/grpc/server.go:837.2,837.20 1 1
fincore/services/auth-service/infrastructure/grpc/server.go:837.20,839.3 1 0
fincore/services/auth-service/infrastructure/grpc/server.go:841.2,843.16 3 1
fincore/services/auth-service/infrastructure/grpc/server.go:843.16,844.36 1 0
fincore/services/auth-service/infrastructure/grpc/server.go:844.36,846.4 1 0
fincore/services/auth-service/infrastructure/grpc/server.go:847.3,847.28 1 0
fincore/services/auth-service/infrastructure/grpc/server.go:850.2,851.16 2 1
fincore/services/auth-service/infrastructure/grpc/server.go:851.16,853.3 1 0
fincore/services/auth-service/infrastructure/grpc/server.go:854.2,854.55 1 1
fincore/services/auth-service/infrastructure/grpc/server.go:857.126,858.77 1 1
fincore/services/auth-service/infrastructure/grpc/server.go:858.77,860.3 1 1
fincore/services/auth-service/infrastructure/grpc/server.go:861.2,862.18 2 1
fincore/services/auth-service/infrastructure/grpc/server.go:862.18,864.3 1 0
fincore/services/auth-service/infrastructure/grpc/server.go:866.2,873.16 2 1
fincore/services/auth-service/infrastructure/grpc/server.go:873.16,875.3 1 0
fincore/services/auth-service/infrastructure/grpc/server.go:876.2,879.18 3 1
fincore/services/auth-service/infrastructure/grpc/server.go:879.18,881.42 2 1
fincore/services/auth-service/infrastructure/grpc/server.go:881.42,883.4 1 0
fincore/services/auth-service/infrastructure/grpc/server.go:884.3,884.30 1 1
fincore/services/auth-service/infrastructure/grpc/server.go:886.2,886.35 1 1
fincore/services/auth-service/infrastructure/grpc/server.go:886.35,888.3 1 0
fincore/services/auth-service/infrastructure/grpc/server.go:890.2,890.57 1 1
fincore/services/auth-service/infrastructure/grpc/server.go:893.123,895.24 2 1
fincore/services/auth-service/infrastructure/grpc/server.go:895.24,897.3 1 1
fincore/services/auth-service/infrastructure/grpc/server.go:898.2,901.16 3 1
fincore/services/auth-service/infrastructure/grpc/server.go:901.16,903.3 1 0
fincore/services/auth-service/infrastructure/grpc/server.go:904.2,904.15 1 1
fincore/services/auth-service/infrastructure/grpc/server.go:904.15,906.3 1 1
fincore/services/auth-service/infrastructure/grpc/server.go:908.2,919.16 8 1
fincore/services/auth-service/infrastructure/grpc/server.go:919.16,920.36 1 0
fincore/services/auth-service/infrastructure/grpc/server.go:920.36,922.4 1 0
fincore/services/auth-service/infrastructure/grpc/server.go:923.3,923.28 1 0
fincore/services/auth-service/infrastructure/grpc/server.go:926.2,927.43 2 1
fincore/services/auth-service/infrastructure/grpc/server.go:927.43,931.3 3 1
fincore/services/auth-service/infrastructure/grpc/server.go:932.2,932.32 1 1
fincore/services/auth-service/infrastructure/grpc/server.go:932.32,935.3 2 0
fincore/services/auth-service/infrastructure/grpc/server.go:936.2,936.35 1 1
fincore/services/auth-service/infrastructure/grpc/server.go:936.35,939.3 2 0
fincore/services/auth-service/infrastructure/grpc/server.go:941.2,942.16 2 1
fincore/services/auth-service/infrastructure/grpc/server.go:942.16,944.3 1 0
fincore/services/auth-service/infrastructure/grpc/server.go:945.2,947.45 3 1
fincore/services/auth-service/infrastructure/grpc/server.go:947.45,949.3 1 1
fincore/services/auth-service/infrastructure/grpc/server.go:950.2,961.16 3 1
fincore/services/auth-service/infrastructure/grpc/server.go:961.16,963.3 1 0
fincore/services/auth-service/infrastructure/grpc/server.go:964.2,968.16 2 1
fincore/services/auth-service/infrastructure/grpc/server.go:968.16,970.3 1 0
fincore/services/auth-service/infrastructure/grpc/server.go:972.2,972.39 1 1
fincore/services/auth-service/infrastructure/grpc/server.go:972.39,974.3 1 0
fincore/services/auth-service/infrastructure/grpc/server.go:976.2,977.16 2 1
fincore/services/auth-service/infrastructure/grpc/server.go:977.16,979.3 1 0
fincore/services/auth-service/infrastructure/grpc/server.go:981.2,990.16 4 1
fincore/services/auth-service/infrastructure/grpc/server.go:990.16,992.3 1 0
fincore/services/auth-service/infrastructure/grpc/server.go:994.2,998.8 1 1
fincore/services/auth-service/infrastructure/grpc/server.go:1001.105,1003.24 2 1
fincore/services/auth-service/infrastructure/grpc/server.go:1003.24,1005.3 1 1
fincore/services/auth-service/infrastructure/grpc/server.go:1006.2,1008.16 3 1
fincore/services/auth-service/infrastructure/grpc/server.go:1008.16,1010.3 1 1
fincore/services/auth-service/infrastructure/grpc/server.go:1011.2,1011.51 1 1
fincore/services/auth-service/infrastructure/grpc/server.go:1014.114,1016.23 2 1
fincore/services/auth-service/infrastructure/grpc/server.go:1016.23,1017.54 1 1
fincore/services/auth-service/infrastructure/grpc/server.go:1017.54,1019.22 2 1
fincore/services/auth-service/infrastructure/grpc/server.go:1019.22,1021.5 1 0
fincore/services/auth-service/infrastructure/grpc/server.go:1022.4,1022.21 1 1
fincore/services/auth-service/infrastructure/grpc/server.go:1022.21,1025.41 3 1
fincore/services/auth-service/infrastructure/grpc/server.go:1025.41,1027.6 1 1
fincore/services/auth-service/infrastructure/grpc/server.go:1031.2,1031.23 1 1
fincore/services/auth-service/infrastructure/grpc/server.go:1031.23,1033.3 1 1
fincore/services/auth-service/infrastructure/grpc/server.go:1034.2,1035.16 2 1
fincore/services/auth-service/infrastructure/grpc/server.go:1035.16,1036.91 1 0
fincore/services/auth-service/infrastructure/grpc/server.go:1036.91,1038.4 1 0
fincore/services/auth-service/infrastructure/grpc/server.go:1039.3,1039.28 1 0
fincore/services/auth-service/infrastructure/grpc/server.go:1041.2,1042.18 2 1
fincore/services/auth-service/infrastructure/grpc/server.go:1042.18,1044.3 1 1
fincore/services/auth-service/infrastructure/grpc/server.go:1046.2,1047.16 2 1
fincore/services/auth-service/infrastructure/grpc/server.go:1047.16,1049.3 1 1
fincore/services/auth-service/infrastructure/grpc/server.go:1051.2,1051.91 1 1
fincore/services/auth-service/infrastructure/grpc/server.go:1054.94,1056.53 2 1
fincore/services/auth-service/infrastructure/grpc/server.go:1056.53,1058.21 2 1
fincore/services/auth-service/infrastructure/grpc/server.go:1058.21,1060.4 1 0
fincore/services/auth-service/infrastructure/grpc/server.go:1061.3,1061.20 1 1
fincore/services/auth-service/infrastructure/grpc/server.go:1061.20,1064.40 3 1
fincore/services/auth-service/infrastructure/grpc/server.go:1064.40,1066.5 1 1
fincore/services/auth-service/infrastructure/grpc/server.go:1069.2,1069.23 1 1
fincore/services/auth-service/infrastructure/grpc/server.go:1069.23,1071.3 1 1
fincore/services/auth-service/infrastructure/grpc/server.go:1072.2,1073.16 2 1
fincore/services/auth-service/infrastructure/grpc/server.go:1073.16,1074.91 1 1
fincore/services/auth-service/infrastructure/grpc/server.go:1074.91,1076.4 1 1
fincore/services/auth-service/infrastructure/grpc/server.go:1077.3,1077.23 1 0
fincore/services/auth-service/infrastructure/grpc/server.go:1079.2,1079.40 1 1
fincore/services/auth-service/infrastructure/grpc/server.go:1079.40,1080.20 1 1
fincore/services/auth-service/infrastructure/grpc/server.go:1080.20,1082.4 1 1
fincore/services/auth-service/infrastructure/grpc/server.go:1084.2,1084.31 1 1
fincore/services/auth-service/infrastructure/grpc/server.go:1087.79,1089.9 2 1
fincore/services/auth-service/infrastructure/grpc/server.go:1089.9,1091.3 1 1
fincore/services/auth-service/infrastructure/grpc/server.go:1092.2,1093.17 2 1
fincore/services/auth-service/infrastructure/grpc/server.go:1093.17,1095.3 1 1
fincore/services/auth-service/infrastructure/grpc/server.go:1096.2,1097.18 2 1
fincore/services/auth-service/infrastructure/grpc/server.go:1097.18,1099.21 2 1
fincore/services/auth-service/infrastructure/grpc/server.go:1099.21,1101.4 1 1
fincore/services/auth-service/infrastructure/grpc/server.go:1103.2,1103.22 1 1
fincore/services/auth-service/infrastructure/grpc/server.go:1106.32,1107.32 1 1
fincore/services/auth-service/infrastructure/grpc/server.go:1107.32,1109.3 1 1
fincore/services/auth-service/infrastructure/grpc/server.go:1110.2,1110.10 1 1
fincore/services/auth-service/infrastructure/grpc/server.go:1113.40,1115.40 2 1
fincore/services/auth-service/infrastructure/grpc/server.go:1115.40,1117.3 1 0
fincore/services/auth-service/infrastructure/grpc/server.go:1118.2,1118.53 1 1
